This file contains any messages produced by compilers while
running configure, to aid debugging if configure makes a mistake.

It was created by FreeType configure 2.10.2, which was
generated by GNU Autoconf 2.69.  Invocation command line was

  $ ./configure --host=arm-buildroot-linux-gnueabihf --prefix=/home/tanxzh/project/100ask/Multi-media-board/Code/module/lcd/lib/freetype-2.10.2/tmp --with-sysroot=/home/tanxzh/project/100ask/100ask_imx6ull_sdk/Buildroot_2020.02.x/output/host

## --------- ##
## Platform. ##
## --------- ##

hostname = tanxzh-MS-7D42
uname -m = x86_64
uname -r = 6.8.0-65-generic
uname -s = Linux
uname -v = #68~22.04.1-Ubuntu SMP PREEMPT_DYNAMIC Tue Jul 15 18:06:34 UTC 2

/usr/bin/uname -p = x86_64
/bin/uname -X     = unknown

/bin/arch              = x86_64
/usr/bin/arch -k       = unknown
/usr/convex/getsysinfo = unknown
/usr/bin/hostinfo      = unknown
/bin/machine           = unknown
/usr/bin/oslevel       = unknown
/bin/universe          = unknown

PATH: /home/linuxbrew/.linuxbrew/bin
PATH: /home/linuxbrew/.linuxbrew/sbin
PATH: /usr/local/sbin
PATH: /usr/local/bin
PATH: /usr/sbin
PATH: /usr/bin
PATH: /sbin
PATH: /bin
PATH: /usr/games
PATH: /usr/local/games
PATH: /snap/bin
PATH: /snap/bin
PATH: /home/tanxzh/project/100ask/100ask_imx6ull_sdk/ToolChain/arm-buildroot-linux-gnueabihf_sdk-buildroot/bin
PATH: /home/tanxzh/project/100ask/100ask_imx6ull_sdk/Buildroot_2020.02.x/output/host/bin


## ----------- ##
## Core tests. ##
## ----------- ##

configure:2558: checking build system type
configure:2572: result: x86_64-pc-linux-gnu
configure:2592: checking host system type
configure:2605: result: arm-buildroot-linux-gnueabihf
configure:2637: checking for arm-buildroot-linux-gnueabihf-gcc
configure:2653: found /home/tanxzh/project/100ask/100ask_imx6ull_sdk/ToolChain/arm-buildroot-linux-gnueabihf_sdk-buildroot/bin/arm-buildroot-linux-gnueabihf-gcc
configure:2664: result: arm-buildroot-linux-gnueabihf-gcc
configure:2933: checking for C compiler version
configure:2942: arm-buildroot-linux-gnueabihf-gcc --version >&5
arm-buildroot-linux-gnueabihf-gcc.br_real (Buildroot 2020.02-gee85cab) 7.5.0
Copyright (C) 2017 Free Software Foundation, Inc.
This is free software; see the source for copying conditions.  There is NO
warranty; not even for MERCHANTABILITY or FITNESS FOR A PARTICULAR PURPOSE.

configure:2953: $? = 0
configure:2942: arm-buildroot-linux-gnueabihf-gcc -v >&5
Using built-in specs.
COLLECT_GCC=/home/tanxzh/project/100ask/100ask_imx6ull_sdk/ToolChain/arm-buildroot-linux-gnueabihf_sdk-buildroot/bin/arm-buildroot-linux-gnueabihf-gcc.br_real
COLLECT_LTO_WRAPPER=/home/tanxzh/project/100ask/100ask_imx6ull_sdk/ToolChain/arm-buildroot-linux-gnueabihf_sdk-buildroot/bin/../libexec/gcc/arm-buildroot-linux-gnueabihf/7.5.0/lto-wrapper
Target: arm-buildroot-linux-gnueabihf
Configured with: ./configure --prefix=/home/book/100ask_imx6ull-sdk/Buildroot_2020.02.x/output/host --sysconfdir=/home/book/100ask_imx6ull-sdk/Buildroot_2020.02.x/output/host/etc --enable-static --target=arm-buildroot-linux-gnueabihf --with-sysroot=/home/book/100ask_imx6ull-sdk/Buildroot_2020.02.x/output/host/arm-buildroot-linux-gnueabihf/sysroot --enable-__cxa_atexit --with-gnu-ld --disable-libssp --disable-multilib --disable-decimal-float --with-gmp=/home/book/100ask_imx6ull-sdk/Buildroot_2020.02.x/output/host --with-mpc=/home/book/100ask_imx6ull-sdk/Buildroot_2020.02.x/output/host --with-mpfr=/home/book/100ask_imx6ull-sdk/Buildroot_2020.02.x/output/host --with-pkgversion='Buildroot 2020.02-gee85cab' --with-bugurl=http://bugs.buildroot.net/ --disable-libquadmath --enable-tls --enable-plugins --enable-lto --enable-threads --with-isl=/home/book/100ask_imx6ull-sdk/Buildroot_2020.02.x/output/host --with-abi=aapcs-linux --with-cpu=cortex-a7 --with-fpu=neon-vfpv4 --with-float=hard --with-mode=arm --enable-languages=c,c++,fortran --with-build-time-tools=/home/book/100ask_imx6ull-sdk/Buildroot_2020.02.x/output/host/arm-buildroot-linux-gnueabihf/bin --enable-shared --enable-libgomp
Thread model: posix
gcc version 7.5.0 (Buildroot 2020.02-gee85cab) 
configure:2953: $? = 0
configure:2942: arm-buildroot-linux-gnueabihf-gcc -V >&5
arm-buildroot-linux-gnueabihf-gcc.br_real: error: unrecognized command line option '-V'
arm-buildroot-linux-gnueabihf-gcc.br_real: fatal error: no input files
compilation terminated.
configure:2953: $? = 1
configure:2942: arm-buildroot-linux-gnueabihf-gcc -qversion >&5
arm-buildroot-linux-gnueabihf-gcc.br_real: error: unrecognized command line option '-qversion'; did you mean '--version'?
arm-buildroot-linux-gnueabihf-gcc.br_real: fatal error: no input files
compilation terminated.
configure:2953: $? = 1
configure:2973: checking whether the C compiler works
configure:2995: arm-buildroot-linux-gnueabihf-gcc    conftest.c  >&5
configure:2999: $? = 0
configure:3047: result: yes
configure:3050: checking for C compiler default output file name
configure:3052: result: a.out
configure:3058: checking for suffix of executables
configure:3065: arm-buildroot-linux-gnueabihf-gcc -o conftest    conftest.c  >&5
configure:3069: $? = 0
configure:3091: result: 
configure:3113: checking whether we are cross compiling
configure:3121: arm-buildroot-linux-gnueabihf-gcc -o conftest    conftest.c  >&5
configure:3125: $? = 0
configure:3132: ./conftest
./configure: line 3134: ./conftest: cannot execute binary file: Exec format error
configure:3136: $? = 126
configure:3151: result: yes
configure:3156: checking for suffix of object files
configure:3178: arm-buildroot-linux-gnueabihf-gcc -c   conftest.c >&5
configure:3182: $? = 0
configure:3203: result: o
configure:3207: checking whether we are using the GNU C compiler
configure:3226: arm-buildroot-linux-gnueabihf-gcc -c   conftest.c >&5
configure:3226: $? = 0
configure:3235: result: yes
configure:3244: checking whether arm-buildroot-linux-gnueabihf-gcc accepts -g
configure:3264: arm-buildroot-linux-gnueabihf-gcc -c -g  conftest.c >&5
configure:3264: $? = 0
configure:3305: result: yes
configure:3322: checking for arm-buildroot-linux-gnueabihf-gcc option to accept ISO C89
configure:3385: arm-buildroot-linux-gnueabihf-gcc  -c -g -O2  conftest.c >&5
configure:3385: $? = 0
configure:3398: result: none needed
configure:3423: checking how to run the C preprocessor
configure:3454: arm-buildroot-linux-gnueabihf-gcc -E  conftest.c
configure:3454: $? = 0
configure:3468: arm-buildroot-linux-gnueabihf-gcc -E  conftest.c
conftest.c:9:10: fatal error: ac_nonexistent.h: No such file or directory
 #include <ac_nonexistent.h>
          ^~~~~~~~~~~~~~~~~~
compilation terminated.
configure:3468: $? = 1
configure: failed program was:
| /* confdefs.h */
| #define PACKAGE_NAME "FreeType"
| #define PACKAGE_TARNAME "freetype"
| #define PACKAGE_VERSION "2.10.2"
| #define PACKAGE_STRING "FreeType 2.10.2"
| #define PACKAGE_BUGREPORT "freetype@nongnu.org"
| #define PACKAGE_URL ""
| /* end confdefs.h.  */
| #include <ac_nonexistent.h>
configure:3493: result: arm-buildroot-linux-gnueabihf-gcc -E
configure:3513: arm-buildroot-linux-gnueabihf-gcc -E  conftest.c
configure:3513: $? = 0
configure:3527: arm-buildroot-linux-gnueabihf-gcc -E  conftest.c
conftest.c:9:10: fatal error: ac_nonexistent.h: No such file or directory
 #include <ac_nonexistent.h>
          ^~~~~~~~~~~~~~~~~~
compilation terminated.
configure:3527: $? = 1
configure: failed program was:
| /* confdefs.h */
| #define PACKAGE_NAME "FreeType"
| #define PACKAGE_TARNAME "freetype"
| #define PACKAGE_VERSION "2.10.2"
| #define PACKAGE_STRING "FreeType 2.10.2"
| #define PACKAGE_BUGREPORT "freetype@nongnu.org"
| #define PACKAGE_URL ""
| /* end confdefs.h.  */
| #include <ac_nonexistent.h>
configure:3568: checking for arm-buildroot-linux-gnueabihf-pkg-config
configure:3601: result: no
configure:3611: checking for pkg-config
configure:3629: found /usr/bin/pkg-config
configure:3641: result: /usr/bin/pkg-config
configure:3653: WARNING: using cross tools not prefixed with host triplet
configure:3666: checking pkg-config is at least version 0.24
configure:3669: result: yes
configure:3724: checking how to print strings
configure:3751: result: printf
configure:3772: checking for a sed that does not truncate output
configure:3836: result: /usr/bin/sed
configure:3854: checking for grep that handles long lines and -e
configure:3912: result: /usr/bin/grep
configure:3917: checking for egrep
configure:3979: result: /usr/bin/grep -E
configure:3984: checking for fgrep
configure:4046: result: /usr/bin/grep -F
configure:4081: checking for ld used by arm-buildroot-linux-gnueabihf-gcc
configure:4148: result: /home/tanxzh/project/100ask/100ask_imx6ull_sdk/ToolChain/arm-buildroot-linux-gnueabihf_sdk-buildroot/arm-buildroot-linux-gnueabihf/bin/ld
configure:4155: checking if the linker (/home/tanxzh/project/100ask/100ask_imx6ull_sdk/ToolChain/arm-buildroot-linux-gnueabihf_sdk-buildroot/arm-buildroot-linux-gnueabihf/bin/ld) is GNU ld
configure:4170: result: yes
configure:4182: checking for BSD- or MS-compatible name lister (nm)
configure:4236: result: /home/tanxzh/project/100ask/100ask_imx6ull_sdk/ToolChain/arm-buildroot-linux-gnueabihf_sdk-buildroot/bin/arm-buildroot-linux-gnueabihf-nm -B
configure:4366: checking the name lister (/home/tanxzh/project/100ask/100ask_imx6ull_sdk/ToolChain/arm-buildroot-linux-gnueabihf_sdk-buildroot/bin/arm-buildroot-linux-gnueabihf-nm -B) interface
configure:4373: arm-buildroot-linux-gnueabihf-gcc -c -g -O2  conftest.c >&5
configure:4376: /home/tanxzh/project/100ask/100ask_imx6ull_sdk/ToolChain/arm-buildroot-linux-gnueabihf_sdk-buildroot/bin/arm-buildroot-linux-gnueabihf-nm -B "conftest.o"
configure:4379: output
00000000 B some_variable
configure:4386: result: BSD nm
configure:4389: checking whether ln -s works
configure:4393: result: yes
configure:4401: checking the maximum length of command line arguments
configure:4532: result: 1572864
configure:4580: checking how to convert x86_64-pc-linux-gnu file names to arm-buildroot-linux-gnueabihf format
configure:4620: result: func_convert_file_noop
configure:4627: checking how to convert x86_64-pc-linux-gnu file names to toolchain format
configure:4647: result: func_convert_file_noop
configure:4654: checking for /home/tanxzh/project/100ask/100ask_imx6ull_sdk/ToolChain/arm-buildroot-linux-gnueabihf_sdk-buildroot/arm-buildroot-linux-gnueabihf/bin/ld option to reload object files
configure:4661: result: -r
configure:4695: checking for arm-buildroot-linux-gnueabihf-objdump
configure:4711: found /home/tanxzh/project/100ask/100ask_imx6ull_sdk/ToolChain/arm-buildroot-linux-gnueabihf_sdk-buildroot/bin/arm-buildroot-linux-gnueabihf-objdump
configure:4722: result: arm-buildroot-linux-gnueabihf-objdump
configure:4791: checking how to recognize dependent libraries
configure:4991: result: pass_all
configure:5036: checking for arm-buildroot-linux-gnueabihf-dlltool
configure:5066: result: no
configure:5076: checking for dlltool
configure:5106: result: no
configure:5133: checking how to associate runtime and link libraries
configure:5160: result: printf %s\n
configure:5177: checking for arm-buildroot-linux-gnueabihf-ar
configure:5193: found /home/tanxzh/project/100ask/100ask_imx6ull_sdk/ToolChain/arm-buildroot-linux-gnueabihf_sdk-buildroot/bin/arm-buildroot-linux-gnueabihf-ar
configure:5204: result: arm-buildroot-linux-gnueabihf-ar
configure:5285: checking for archiver @FILE support
configure:5302: arm-buildroot-linux-gnueabihf-gcc -c -g -O2  conftest.c >&5
configure:5302: $? = 0
configure:5305: arm-buildroot-linux-gnueabihf-ar cru libconftest.a @conftest.lst >&5
configure:5308: $? = 0
configure:5313: arm-buildroot-linux-gnueabihf-ar cru libconftest.a @conftest.lst >&5
arm-buildroot-linux-gnueabihf-ar: conftest.o: No such file or directory
configure:5316: $? = 1
configure:5328: result: @
configure:5346: checking for arm-buildroot-linux-gnueabihf-strip
configure:5362: found /home/tanxzh/project/100ask/100ask_imx6ull_sdk/ToolChain/arm-buildroot-linux-gnueabihf_sdk-buildroot/bin/arm-buildroot-linux-gnueabihf-strip
configure:5373: result: arm-buildroot-linux-gnueabihf-strip
configure:5445: checking for arm-buildroot-linux-gnueabihf-ranlib
configure:5461: found /home/tanxzh/project/100ask/100ask_imx6ull_sdk/ToolChain/arm-buildroot-linux-gnueabihf_sdk-buildroot/bin/arm-buildroot-linux-gnueabihf-ranlib
configure:5472: result: arm-buildroot-linux-gnueabihf-ranlib
configure:5589: checking for gawk
configure:5605: found /usr/bin/gawk
configure:5616: result: gawk
configure:5656: checking command to parse /home/tanxzh/project/100ask/100ask_imx6ull_sdk/ToolChain/arm-buildroot-linux-gnueabihf_sdk-buildroot/bin/arm-buildroot-linux-gnueabihf-nm -B output from arm-buildroot-linux-gnueabihf-gcc object
configure:5809: arm-buildroot-linux-gnueabihf-gcc -c -g -O2  conftest.c >&5
configure:5812: $? = 0
configure:5816: /home/tanxzh/project/100ask/100ask_imx6ull_sdk/ToolChain/arm-buildroot-linux-gnueabihf_sdk-buildroot/bin/arm-buildroot-linux-gnueabihf-nm -B conftest.o \| sed -n -e 's/^.*[ ]\([ABCDGIRSTW][ABCDGIRSTW]*\)[ ][ ]*\([_A-Za-z][_A-Za-z0-9]*\)$/\1 \2 \2/p' | sed '/ __gnu_lto/d' \> conftest.nm
configure:5819: $? = 0
configure:5885: arm-buildroot-linux-gnueabihf-gcc -o conftest -g -O2   conftest.c conftstm.o >&5
configure:5888: $? = 0
configure:5926: result: ok
configure:5973: checking for sysroot
configure:6003: result: /home/tanxzh/project/100ask/100ask_imx6ull_sdk/Buildroot_2020.02.x/output/host
configure:6010: checking for a working dd
configure:6048: result: /usr/bin/dd
configure:6052: checking how to truncate binary pipes
configure:6067: result: /usr/bin/dd bs=4096 count=1
configure:6356: checking for arm-buildroot-linux-gnueabihf-mt
configure:6386: result: no
configure:6396: checking for mt
configure:6412: found /usr/bin/mt
configure:6423: result: mt
configure:6446: checking if mt is a manifest tool
configure:6452: mt '-?'
configure:6460: result: no
configure:7133: checking for ANSI C header files
configure:7153: arm-buildroot-linux-gnueabihf-gcc -c -g -O2  conftest.c >&5
configure:7153: $? = 0
configure:7237: result: yes
configure:7250: checking for sys/types.h
configure:7250: arm-buildroot-linux-gnueabihf-gcc -c -g -O2  conftest.c >&5
configure:7250: $? = 0
configure:7250: result: yes
configure:7250: checking for sys/stat.h
configure:7250: arm-buildroot-linux-gnueabihf-gcc -c -g -O2  conftest.c >&5
configure:7250: $? = 0
configure:7250: result: yes
configure:7250: checking for stdlib.h
configure:7250: arm-buildroot-linux-gnueabihf-gcc -c -g -O2  conftest.c >&5
configure:7250: $? = 0
configure:7250: result: yes
configure:7250: checking for string.h
configure:7250: arm-buildroot-linux-gnueabihf-gcc -c -g -O2  conftest.c >&5
configure:7250: $? = 0
configure:7250: result: yes
configure:7250: checking for memory.h
configure:7250: arm-buildroot-linux-gnueabihf-gcc -c -g -O2  conftest.c >&5
configure:7250: $? = 0
configure:7250: result: yes
configure:7250: checking for strings.h
configure:7250: arm-buildroot-linux-gnueabihf-gcc -c -g -O2  conftest.c >&5
configure:7250: $? = 0
configure:7250: result: yes
configure:7250: checking for inttypes.h
configure:7250: arm-buildroot-linux-gnueabihf-gcc -c -g -O2  conftest.c >&5
configure:7250: $? = 0
configure:7250: result: yes
configure:7250: checking for stdint.h
configure:7250: arm-buildroot-linux-gnueabihf-gcc -c -g -O2  conftest.c >&5
configure:7250: $? = 0
configure:7250: result: yes
configure:7250: checking for unistd.h
configure:7250: arm-buildroot-linux-gnueabihf-gcc -c -g -O2  conftest.c >&5
configure:7250: $? = 0
configure:7250: result: yes
configure:7264: checking for dlfcn.h
configure:7264: arm-buildroot-linux-gnueabihf-gcc -c -g -O2  conftest.c >&5
configure:7264: $? = 0
configure:7264: result: yes
configure:7818: checking for objdir
configure:7833: result: .libs
configure:8093: checking if arm-buildroot-linux-gnueabihf-gcc supports -fno-rtti -fno-exceptions
configure:8111: arm-buildroot-linux-gnueabihf-gcc -c -g -O2  -fno-rtti -fno-exceptions conftest.c >&5
cc1: warning: command line option '-fno-rtti' is valid for C++/ObjC++ but not for C
configure:8115: $? = 0
configure:8128: result: no
configure:8486: checking for arm-buildroot-linux-gnueabihf-gcc option to produce PIC
configure:8493: result: -fPIC -DPIC
configure:8501: checking if arm-buildroot-linux-gnueabihf-gcc PIC flag -fPIC -DPIC works
configure:8519: arm-buildroot-linux-gnueabihf-gcc -c -g -O2  -fPIC -DPIC -DPIC conftest.c >&5
configure:8523: $? = 0
configure:8536: result: yes
configure:8565: checking if arm-buildroot-linux-gnueabihf-gcc static flag -static works
configure:8593: result: yes
configure:8608: checking if arm-buildroot-linux-gnueabihf-gcc supports -c -o file.o
configure:8629: arm-buildroot-linux-gnueabihf-gcc -c -g -O2  -o out/conftest2.o conftest.c >&5
configure:8633: $? = 0
configure:8655: result: yes
configure:8663: checking if arm-buildroot-linux-gnueabihf-gcc supports -c -o file.o
configure:8710: result: yes
configure:8743: checking whether the arm-buildroot-linux-gnueabihf-gcc linker (/home/tanxzh/project/100ask/100ask_imx6ull_sdk/ToolChain/arm-buildroot-linux-gnueabihf_sdk-buildroot/arm-buildroot-linux-gnueabihf/bin/ld) supports shared libraries
configure:10002: result: yes
configure:10039: checking whether -lc should be explicitly linked in
configure:10047: arm-buildroot-linux-gnueabihf-gcc -c -g -O2  conftest.c >&5
configure:10050: $? = 0
configure:10065: arm-buildroot-linux-gnueabihf-gcc -shared  -fPIC -DPIC conftest.o  -v -Wl,-soname -Wl,conftest -o conftest 2\>\&1 \| /usr/bin/grep  -lc  \>/dev/null 2\>\&1
configure:10068: $? = 0
configure:10082: result: no
configure:10242: checking dynamic linker characteristics
configure:10823: arm-buildroot-linux-gnueabihf-gcc -o conftest -g -O2   -Wl,-rpath -Wl,/foo conftest.c  >&5
configure:10823: $? = 0
configure:11060: result: GNU/Linux ld.so
configure:11182: checking how to hardcode library paths into programs
configure:11207: result: immediate
configure:11755: checking whether stripping libraries is possible
configure:11760: result: yes
configure:11795: checking if libtool supports shared libraries
configure:11797: result: yes
configure:11800: checking whether to build shared libraries
configure:11825: result: yes
configure:11828: checking whether to build static libraries
configure:11832: result: yes
configure:11869: checking windows.h usability
configure:11869: arm-buildroot-linux-gnueabihf-gcc -c -g -O2  conftest.c >&5
conftest.c:54:10: fatal error: windows.h: No such file or directory
 #include <windows.h>
          ^~~~~~~~~~~
compilation terminated.
configure:11869: $? = 1
configure: failed program was:
| /* confdefs.h */
| #define PACKAGE_NAME "FreeType"
| #define PACKAGE_TARNAME "freetype"
| #define PACKAGE_VERSION "2.10.2"
| #define PACKAGE_STRING "FreeType 2.10.2"
| #define PACKAGE_BUGREPORT "freetype@nongnu.org"
| #define PACKAGE_URL ""
| #define STDC_HEADERS 1
| #define HAVE_SYS_TYPES_H 1
| #define HAVE_SYS_STAT_H 1
| #define HAVE_STDLIB_H 1
| #define HAVE_STRING_H 1
| #define HAVE_MEMORY_H 1
| #define HAVE_STRINGS_H 1
| #define HAVE_INTTYPES_H 1
| #define HAVE_STDINT_H 1
| #define HAVE_UNISTD_H 1
| #define HAVE_DLFCN_H 1
| #define LT_OBJDIR ".libs/"
| /* end confdefs.h.  */
| #include <stdio.h>
| #ifdef HAVE_SYS_TYPES_H
| # include <sys/types.h>
| #endif
| #ifdef HAVE_SYS_STAT_H
| # include <sys/stat.h>
| #endif
| #ifdef STDC_HEADERS
| # include <stdlib.h>
| # include <stddef.h>
| #else
| # ifdef HAVE_STDLIB_H
| #  include <stdlib.h>
| # endif
| #endif
| #ifdef HAVE_STRING_H
| # if !defined STDC_HEADERS && defined HAVE_MEMORY_H
| #  include <memory.h>
| # endif
| # include <string.h>
| #endif
| #ifdef HAVE_STRINGS_H
| # include <strings.h>
| #endif
| #ifdef HAVE_INTTYPES_H
| # include <inttypes.h>
| #endif
| #ifdef HAVE_STDINT_H
| # include <stdint.h>
| #endif
| #ifdef HAVE_UNISTD_H
| # include <unistd.h>
| #endif
| #include <windows.h>
configure:11869: result: no
configure:11869: checking windows.h presence
configure:11869: arm-buildroot-linux-gnueabihf-gcc -E  conftest.c
conftest.c:21:10: fatal error: windows.h: No such file or directory
 #include <windows.h>
          ^~~~~~~~~~~
compilation terminated.
configure:11869: $? = 1
configure: failed program was:
| /* confdefs.h */
| #define PACKAGE_NAME "FreeType"
| #define PACKAGE_TARNAME "freetype"
| #define PACKAGE_VERSION "2.10.2"
| #define PACKAGE_STRING "FreeType 2.10.2"
| #define PACKAGE_BUGREPORT "freetype@nongnu.org"
| #define PACKAGE_URL ""
| #define STDC_HEADERS 1
| #define HAVE_SYS_TYPES_H 1
| #define HAVE_SYS_STAT_H 1
| #define HAVE_STDLIB_H 1
| #define HAVE_STRING_H 1
| #define HAVE_MEMORY_H 1
| #define HAVE_STRINGS_H 1
| #define HAVE_INTTYPES_H 1
| #define HAVE_STDINT_H 1
| #define HAVE_UNISTD_H 1
| #define HAVE_DLFCN_H 1
| #define LT_OBJDIR ".libs/"
| /* end confdefs.h.  */
| #include <windows.h>
configure:11869: result: no
configure:11869: checking for windows.h
configure:11869: result: no
configure:12050: checking for x86_64-pc-linux-gnu-gcc
configure:12080: result: no
configure:12087: checking for gcc
configure:12103: found /usr/bin/gcc
configure:12114: result: gcc
configure:12124: checking for gcc
configure:12168: result: gcc
configure:12178: checking for suffix of native executables
configure:12192: result: 
configure:12222: checking for a BSD-compatible install
configure:12290: result: /usr/bin/install -c
configure:12309: checking for a thread-safe mkdir -p
configure:12348: result: /usr/bin/mkdir -p
configure:12362: checking for ANSI C header files
configure:12466: result: yes
configure:12477: checking fcntl.h usability
configure:12477: arm-buildroot-linux-gnueabihf-gcc -c -g -O2  conftest.c >&5
configure:12477: $? = 0
configure:12477: result: yes
configure:12477: checking fcntl.h presence
configure:12477: arm-buildroot-linux-gnueabihf-gcc -E  conftest.c
configure:12477: $? = 0
configure:12477: result: yes
configure:12477: checking for fcntl.h
configure:12477: result: yes
configure:12477: checking for unistd.h
configure:12477: result: yes
configure:12491: checking for an ANSI C-conforming const
configure:12557: arm-buildroot-linux-gnueabihf-gcc -c -g -O2  conftest.c >&5
configure:12557: $? = 0
configure:12564: result: yes
configure:12576: checking size of int
configure:12581: arm-buildroot-linux-gnueabihf-gcc -c -g -O2  conftest.c >&5
configure:12581: $? = 0
configure:12581: arm-buildroot-linux-gnueabihf-gcc -c -g -O2  conftest.c >&5
conftest.c: In function 'main':
conftest.c:60:12: error: size of array 'test_array' is negative
 static int test_array [1 - 2 * !(((long int) (sizeof (int))) <= 0)];
            ^~~~~~~~~~
configure:12581: $? = 1
configure: failed program was:
| /* confdefs.h */
| #define PACKAGE_NAME "FreeType"
| #define PACKAGE_TARNAME "freetype"
| #define PACKAGE_VERSION "2.10.2"
| #define PACKAGE_STRING "FreeType 2.10.2"
| #define PACKAGE_BUGREPORT "freetype@nongnu.org"
| #define PACKAGE_URL ""
| #define STDC_HEADERS 1
| #define HAVE_SYS_TYPES_H 1
| #define HAVE_SYS_STAT_H 1
| #define HAVE_STDLIB_H 1
| #define HAVE_STRING_H 1
| #define HAVE_MEMORY_H 1
| #define HAVE_STRINGS_H 1
| #define HAVE_INTTYPES_H 1
| #define HAVE_STDINT_H 1
| #define HAVE_UNISTD_H 1
| #define HAVE_DLFCN_H 1
| #define LT_OBJDIR ".libs/"
| #define STDC_HEADERS 1
| #define HAVE_FCNTL_H 1
| #define HAVE_UNISTD_H 1
| /* end confdefs.h.  */
| #include <stdio.h>
| #ifdef HAVE_SYS_TYPES_H
| # include <sys/types.h>
| #endif
| #ifdef HAVE_SYS_STAT_H
| # include <sys/stat.h>
| #endif
| #ifdef STDC_HEADERS
| # include <stdlib.h>
| # include <stddef.h>
| #else
| # ifdef HAVE_STDLIB_H
| #  include <stdlib.h>
| # endif
| #endif
| #ifdef HAVE_STRING_H
| # if !defined STDC_HEADERS && defined HAVE_MEMORY_H
| #  include <memory.h>
| # endif
| # include <string.h>
| #endif
| #ifdef HAVE_STRINGS_H
| # include <strings.h>
| #endif
| #ifdef HAVE_INTTYPES_H
| # include <inttypes.h>
| #endif
| #ifdef HAVE_STDINT_H
| # include <stdint.h>
| #endif
| #ifdef HAVE_UNISTD_H
| # include <unistd.h>
| #endif
| int
| main ()
| {
| static int test_array [1 - 2 * !(((long int) (sizeof (int))) <= 0)];
| test_array [0] = 0;
| return test_array [0];
| 
|   ;
|   return 0;
| }
configure:12581: arm-buildroot-linux-gnueabihf-gcc -c -g -O2  conftest.c >&5
conftest.c: In function 'main':
conftest.c:60:12: error: size of array 'test_array' is negative
 static int test_array [1 - 2 * !(((long int) (sizeof (int))) <= 1)];
            ^~~~~~~~~~
configure:12581: $? = 1
configure: failed program was:
| /* confdefs.h */
| #define PACKAGE_NAME "FreeType"
| #define PACKAGE_TARNAME "freetype"
| #define PACKAGE_VERSION "2.10.2"
| #define PACKAGE_STRING "FreeType 2.10.2"
| #define PACKAGE_BUGREPORT "freetype@nongnu.org"
| #define PACKAGE_URL ""
| #define STDC_HEADERS 1
| #define HAVE_SYS_TYPES_H 1
| #define HAVE_SYS_STAT_H 1
| #define HAVE_STDLIB_H 1
| #define HAVE_STRING_H 1
| #define HAVE_MEMORY_H 1
| #define HAVE_STRINGS_H 1
| #define HAVE_INTTYPES_H 1
| #define HAVE_STDINT_H 1
| #define HAVE_UNISTD_H 1
| #define HAVE_DLFCN_H 1
| #define LT_OBJDIR ".libs/"
| #define STDC_HEADERS 1
| #define HAVE_FCNTL_H 1
| #define HAVE_UNISTD_H 1
| /* end confdefs.h.  */
| #include <stdio.h>
| #ifdef HAVE_SYS_TYPES_H
| # include <sys/types.h>
| #endif
| #ifdef HAVE_SYS_STAT_H
| # include <sys/stat.h>
| #endif
| #ifdef STDC_HEADERS
| # include <stdlib.h>
| # include <stddef.h>
| #else
| # ifdef HAVE_STDLIB_H
| #  include <stdlib.h>
| # endif
| #endif
| #ifdef HAVE_STRING_H
| # if !defined STDC_HEADERS && defined HAVE_MEMORY_H
| #  include <memory.h>
| # endif
| # include <string.h>
| #endif
| #ifdef HAVE_STRINGS_H
| # include <strings.h>
| #endif
| #ifdef HAVE_INTTYPES_H
| # include <inttypes.h>
| #endif
| #ifdef HAVE_STDINT_H
| # include <stdint.h>
| #endif
| #ifdef HAVE_UNISTD_H
| # include <unistd.h>
| #endif
| int
| main ()
| {
| static int test_array [1 - 2 * !(((long int) (sizeof (int))) <= 1)];
| test_array [0] = 0;
| return test_array [0];
| 
|   ;
|   return 0;
| }
configure:12581: arm-buildroot-linux-gnueabihf-gcc -c -g -O2  conftest.c >&5
conftest.c: In function 'main':
conftest.c:60:12: error: size of array 'test_array' is negative
 static int test_array [1 - 2 * !(((long int) (sizeof (int))) <= 3)];
            ^~~~~~~~~~
configure:12581: $? = 1
configure: failed program was:
| /* confdefs.h */
| #define PACKAGE_NAME "FreeType"
| #define PACKAGE_TARNAME "freetype"
| #define PACKAGE_VERSION "2.10.2"
| #define PACKAGE_STRING "FreeType 2.10.2"
| #define PACKAGE_BUGREPORT "freetype@nongnu.org"
| #define PACKAGE_URL ""
| #define STDC_HEADERS 1
| #define HAVE_SYS_TYPES_H 1
| #define HAVE_SYS_STAT_H 1
| #define HAVE_STDLIB_H 1
| #define HAVE_STRING_H 1
| #define HAVE_MEMORY_H 1
| #define HAVE_STRINGS_H 1
| #define HAVE_INTTYPES_H 1
| #define HAVE_STDINT_H 1
| #define HAVE_UNISTD_H 1
| #define HAVE_DLFCN_H 1
| #define LT_OBJDIR ".libs/"
| #define STDC_HEADERS 1
| #define HAVE_FCNTL_H 1
| #define HAVE_UNISTD_H 1
| /* end confdefs.h.  */
| #include <stdio.h>
| #ifdef HAVE_SYS_TYPES_H
| # include <sys/types.h>
| #endif
| #ifdef HAVE_SYS_STAT_H
| # include <sys/stat.h>
| #endif
| #ifdef STDC_HEADERS
| # include <stdlib.h>
| # include <stddef.h>
| #else
| # ifdef HAVE_STDLIB_H
| #  include <stdlib.h>
| # endif
| #endif
| #ifdef HAVE_STRING_H
| # if !defined STDC_HEADERS && defined HAVE_MEMORY_H
| #  include <memory.h>
| # endif
| # include <string.h>
| #endif
| #ifdef HAVE_STRINGS_H
| # include <strings.h>
| #endif
| #ifdef HAVE_INTTYPES_H
| # include <inttypes.h>
| #endif
| #ifdef HAVE_STDINT_H
| # include <stdint.h>
| #endif
| #ifdef HAVE_UNISTD_H
| # include <unistd.h>
| #endif
| int
| main ()
| {
| static int test_array [1 - 2 * !(((long int) (sizeof (int))) <= 3)];
| test_array [0] = 0;
| return test_array [0];
| 
|   ;
|   return 0;
| }
configure:12581: arm-buildroot-linux-gnueabihf-gcc -c -g -O2  conftest.c >&5
configure:12581: $? = 0
configure:12581: arm-buildroot-linux-gnueabihf-gcc -c -g -O2  conftest.c >&5
configure:12581: $? = 0
configure:12581: arm-buildroot-linux-gnueabihf-gcc -c -g -O2  conftest.c >&5
configure:12581: $? = 0
configure:12595: result: 4
configure:12609: checking size of long
configure:12614: arm-buildroot-linux-gnueabihf-gcc -c -g -O2  conftest.c >&5
configure:12614: $? = 0
configure:12614: arm-buildroot-linux-gnueabihf-gcc -c -g -O2  conftest.c >&5
conftest.c: In function 'main':
conftest.c:61:12: error: size of array 'test_array' is negative
 static int test_array [1 - 2 * !(((long int) (sizeof (long))) <= 0)];
            ^~~~~~~~~~
configure:12614: $? = 1
configure: failed program was:
| /* confdefs.h */
| #define PACKAGE_NAME "FreeType"
| #define PACKAGE_TARNAME "freetype"
| #define PACKAGE_VERSION "2.10.2"
| #define PACKAGE_STRING "FreeType 2.10.2"
| #define PACKAGE_BUGREPORT "freetype@nongnu.org"
| #define PACKAGE_URL ""
| #define STDC_HEADERS 1
| #define HAVE_SYS_TYPES_H 1
| #define HAVE_SYS_STAT_H 1
| #define HAVE_STDLIB_H 1
| #define HAVE_STRING_H 1
| #define HAVE_MEMORY_H 1
| #define HAVE_STRINGS_H 1
| #define HAVE_INTTYPES_H 1
| #define HAVE_STDINT_H 1
| #define HAVE_UNISTD_H 1
| #define HAVE_DLFCN_H 1
| #define LT_OBJDIR ".libs/"
| #define STDC_HEADERS 1
| #define HAVE_FCNTL_H 1
| #define HAVE_UNISTD_H 1
| #define SIZEOF_INT 4
| /* end confdefs.h.  */
| #include <stdio.h>
| #ifdef HAVE_SYS_TYPES_H
| # include <sys/types.h>
| #endif
| #ifdef HAVE_SYS_STAT_H
| # include <sys/stat.h>
| #endif
| #ifdef STDC_HEADERS
| # include <stdlib.h>
| # include <stddef.h>
| #else
| # ifdef HAVE_STDLIB_H
| #  include <stdlib.h>
| # endif
| #endif
| #ifdef HAVE_STRING_H
| # if !defined STDC_HEADERS && defined HAVE_MEMORY_H
| #  include <memory.h>
| # endif
| # include <string.h>
| #endif
| #ifdef HAVE_STRINGS_H
| # include <strings.h>
| #endif
| #ifdef HAVE_INTTYPES_H
| # include <inttypes.h>
| #endif
| #ifdef HAVE_STDINT_H
| # include <stdint.h>
| #endif
| #ifdef HAVE_UNISTD_H
| # include <unistd.h>
| #endif
| int
| main ()
| {
| static int test_array [1 - 2 * !(((long int) (sizeof (long))) <= 0)];
| test_array [0] = 0;
| return test_array [0];
| 
|   ;
|   return 0;
| }
configure:12614: arm-buildroot-linux-gnueabihf-gcc -c -g -O2  conftest.c >&5
conftest.c: In function 'main':
conftest.c:61:12: error: size of array 'test_array' is negative
 static int test_array [1 - 2 * !(((long int) (sizeof (long))) <= 1)];
            ^~~~~~~~~~
configure:12614: $? = 1
configure: failed program was:
| /* confdefs.h */
| #define PACKAGE_NAME "FreeType"
| #define PACKAGE_TARNAME "freetype"
| #define PACKAGE_VERSION "2.10.2"
| #define PACKAGE_STRING "FreeType 2.10.2"
| #define PACKAGE_BUGREPORT "freetype@nongnu.org"
| #define PACKAGE_URL ""
| #define STDC_HEADERS 1
| #define HAVE_SYS_TYPES_H 1
| #define HAVE_SYS_STAT_H 1
| #define HAVE_STDLIB_H 1
| #define HAVE_STRING_H 1
| #define HAVE_MEMORY_H 1
| #define HAVE_STRINGS_H 1
| #define HAVE_INTTYPES_H 1
| #define HAVE_STDINT_H 1
| #define HAVE_UNISTD_H 1
| #define HAVE_DLFCN_H 1
| #define LT_OBJDIR ".libs/"
| #define STDC_HEADERS 1
| #define HAVE_FCNTL_H 1
| #define HAVE_UNISTD_H 1
| #define SIZEOF_INT 4
| /* end confdefs.h.  */
| #include <stdio.h>
| #ifdef HAVE_SYS_TYPES_H
| # include <sys/types.h>
| #endif
| #ifdef HAVE_SYS_STAT_H
| # include <sys/stat.h>
| #endif
| #ifdef STDC_HEADERS
| # include <stdlib.h>
| # include <stddef.h>
| #else
| # ifdef HAVE_STDLIB_H
| #  include <stdlib.h>
| # endif
| #endif
| #ifdef HAVE_STRING_H
| # if !defined STDC_HEADERS && defined HAVE_MEMORY_H
| #  include <memory.h>
| # endif
| # include <string.h>
| #endif
| #ifdef HAVE_STRINGS_H
| # include <strings.h>
| #endif
| #ifdef HAVE_INTTYPES_H
| # include <inttypes.h>
| #endif
| #ifdef HAVE_STDINT_H
| # include <stdint.h>
| #endif
| #ifdef HAVE_UNISTD_H
| # include <unistd.h>
| #endif
| int
| main ()
| {
| static int test_array [1 - 2 * !(((long int) (sizeof (long))) <= 1)];
| test_array [0] = 0;
| return test_array [0];
| 
|   ;
|   return 0;
| }
configure:12614: arm-buildroot-linux-gnueabihf-gcc -c -g -O2  conftest.c >&5
conftest.c: In function 'main':
conftest.c:61:12: error: size of array 'test_array' is negative
 static int test_array [1 - 2 * !(((long int) (sizeof (long))) <= 3)];
            ^~~~~~~~~~
configure:12614: $? = 1
configure: failed program was:
| /* confdefs.h */
| #define PACKAGE_NAME "FreeType"
| #define PACKAGE_TARNAME "freetype"
| #define PACKAGE_VERSION "2.10.2"
| #define PACKAGE_STRING "FreeType 2.10.2"
| #define PACKAGE_BUGREPORT "freetype@nongnu.org"
| #define PACKAGE_URL ""
| #define STDC_HEADERS 1
| #define HAVE_SYS_TYPES_H 1
| #define HAVE_SYS_STAT_H 1
| #define HAVE_STDLIB_H 1
| #define HAVE_STRING_H 1
| #define HAVE_MEMORY_H 1
| #define HAVE_STRINGS_H 1
| #define HAVE_INTTYPES_H 1
| #define HAVE_STDINT_H 1
| #define HAVE_UNISTD_H 1
| #define HAVE_DLFCN_H 1
| #define LT_OBJDIR ".libs/"
| #define STDC_HEADERS 1
| #define HAVE_FCNTL_H 1
| #define HAVE_UNISTD_H 1
| #define SIZEOF_INT 4
| /* end confdefs.h.  */
| #include <stdio.h>
| #ifdef HAVE_SYS_TYPES_H
| # include <sys/types.h>
| #endif
| #ifdef HAVE_SYS_STAT_H
| # include <sys/stat.h>
| #endif
| #ifdef STDC_HEADERS
| # include <stdlib.h>
| # include <stddef.h>
| #else
| # ifdef HAVE_STDLIB_H
| #  include <stdlib.h>
| # endif
| #endif
| #ifdef HAVE_STRING_H
| # if !defined STDC_HEADERS && defined HAVE_MEMORY_H
| #  include <memory.h>
| # endif
| # include <string.h>
| #endif
| #ifdef HAVE_STRINGS_H
| # include <strings.h>
| #endif
| #ifdef HAVE_INTTYPES_H
| # include <inttypes.h>
| #endif
| #ifdef HAVE_STDINT_H
| # include <stdint.h>
| #endif
| #ifdef HAVE_UNISTD_H
| # include <unistd.h>
| #endif
| int
| main ()
| {
| static int test_array [1 - 2 * !(((long int) (sizeof (long))) <= 3)];
| test_array [0] = 0;
| return test_array [0];
| 
|   ;
|   return 0;
| }
configure:12614: arm-buildroot-linux-gnueabihf-gcc -c -g -O2  conftest.c >&5
configure:12614: $? = 0
configure:12614: arm-buildroot-linux-gnueabihf-gcc -c -g -O2  conftest.c >&5
configure:12614: $? = 0
configure:12614: arm-buildroot-linux-gnueabihf-gcc -c -g -O2  conftest.c >&5
configure:12614: $? = 0
configure:12628: result: 4
configure:12639: checking for unsigned long long int
configure:12678: arm-buildroot-linux-gnueabihf-gcc -o conftest -g -O2   conftest.c  >&5
configure:12678: $? = 0
configure:12687: result: yes
configure:12697: checking for long long int
configure:12747: result: yes
configure:12759: checking whether cpp computation of bit length in ftconfig.in works
configure:12814: result: yes
configure:12857: checking for special C compiler options needed for large files
configure:12902: result: no
configure:12908: checking for _FILE_OFFSET_BITS value needed for large files
configure:12933: arm-buildroot-linux-gnueabihf-gcc -c -g -O2  conftest.c >&5
conftest.c:33:33: warning: left shift count >= width of type [-Wshift-count-overflow]
 #define LARGE_OFF_T (((off_t) 1 << 62) - 1 + ((off_t) 1 << 62))
                                 ^
conftest.c:34:23: note: in expansion of macro 'LARGE_OFF_T'
   int off_t_is_large[(LARGE_OFF_T % 2147483629 == 721
                       ^~~~~~~~~~~
conftest.c:33:57: warning: left shift count >= width of type [-Wshift-count-overflow]
 #define LARGE_OFF_T (((off_t) 1 << 62) - 1 + ((off_t) 1 << 62))
                                                         ^
conftest.c:34:23: note: in expansion of macro 'LARGE_OFF_T'
   int off_t_is_large[(LARGE_OFF_T % 2147483629 == 721
                       ^~~~~~~~~~~
conftest.c:33:33: warning: left shift count >= width of type [-Wshift-count-overflow]
 #define LARGE_OFF_T (((off_t) 1 << 62) - 1 + ((off_t) 1 << 62))
                                 ^
conftest.c:35:13: note: in expansion of macro 'LARGE_OFF_T'
          && LARGE_OFF_T % 2147483647 == 1)
             ^~~~~~~~~~~
conftest.c:33:57: warning: left shift count >= width of type [-Wshift-count-overflow]
 #define LARGE_OFF_T (((off_t) 1 << 62) - 1 + ((off_t) 1 << 62))
                                                         ^
conftest.c:35:13: note: in expansion of macro 'LARGE_OFF_T'
          && LARGE_OFF_T % 2147483647 == 1)
             ^~~~~~~~~~~
conftest.c:34:7: error: variably modified 'off_t_is_large' at file scope
   int off_t_is_large[(LARGE_OFF_T % 2147483629 == 721
       ^~~~~~~~~~~~~~
configure:12933: $? = 1
configure: failed program was:
| /* confdefs.h */
| #define PACKAGE_NAME "FreeType"
| #define PACKAGE_TARNAME "freetype"
| #define PACKAGE_VERSION "2.10.2"
| #define PACKAGE_STRING "FreeType 2.10.2"
| #define PACKAGE_BUGREPORT "freetype@nongnu.org"
| #define PACKAGE_URL ""
| #define STDC_HEADERS 1
| #define HAVE_SYS_TYPES_H 1
| #define HAVE_SYS_STAT_H 1
| #define HAVE_STDLIB_H 1
| #define HAVE_STRING_H 1
| #define HAVE_MEMORY_H 1
| #define HAVE_STRINGS_H 1
| #define HAVE_INTTYPES_H 1
| #define HAVE_STDINT_H 1
| #define HAVE_UNISTD_H 1
| #define HAVE_DLFCN_H 1
| #define LT_OBJDIR ".libs/"
| #define STDC_HEADERS 1
| #define HAVE_FCNTL_H 1
| #define HAVE_UNISTD_H 1
| #define SIZEOF_INT 4
| #define SIZEOF_LONG 4
| #define HAVE_UNSIGNED_LONG_LONG_INT 1
| #define HAVE_LONG_LONG_INT 1
| /* end confdefs.h.  */
| #include <sys/types.h>
|  /* Check that off_t can represent 2**63 - 1 correctly.
|     We can't simply define LARGE_OFF_T to be 9223372036854775807,
|     since some C++ compilers masquerading as C compilers
|     incorrectly reject 9223372036854775807.  */
| #define LARGE_OFF_T (((off_t) 1 << 62) - 1 + ((off_t) 1 << 62))
|   int off_t_is_large[(LARGE_OFF_T % 2147483629 == 721
| 		       && LARGE_OFF_T % 2147483647 == 1)
| 		      ? 1 : -1];
| int
| main ()
| {
| 
|   ;
|   return 0;
| }
configure:12957: arm-buildroot-linux-gnueabihf-gcc -c -g -O2  conftest.c >&5
configure:12957: $? = 0
configure:12965: result: 64
configure:13067: checking for stdlib.h
configure:13067: result: yes
configure:13067: checking for unistd.h
configure:13067: result: yes
configure:13067: checking for sys/param.h
configure:13067: arm-buildroot-linux-gnueabihf-gcc -c -g -O2  conftest.c >&5
configure:13067: $? = 0
configure:13067: result: yes
configure:13087: checking for getpagesize
configure:13087: arm-buildroot-linux-gnueabihf-gcc -o conftest -g -O2   conftest.c  >&5
configure:13087: $? = 0
configure:13087: result: yes
configure:13096: checking for working mmap
configure:13253: result: no
configure:13321: checking for memcpy
configure:13321: arm-buildroot-linux-gnueabihf-gcc -o conftest -g -O2   conftest.c  >&5
conftest.c:56:6: warning: conflicting types for built-in function 'memcpy' [-Wbuiltin-declaration-mismatch]
 char memcpy ();
      ^~~~~~
configure:13321: $? = 0
configure:13321: result: yes
configure:13321: checking for memmove
configure:13321: arm-buildroot-linux-gnueabihf-gcc -o conftest -g -O2   conftest.c  >&5
conftest.c:57:6: warning: conflicting types for built-in function 'memmove' [-Wbuiltin-declaration-mismatch]
 char memmove ();
      ^~~~~~~
configure:13321: $? = 0
configure:13321: result: yes
configure:13373: checking gcc compiler flag -pedantic to assure ANSI C works correctly
configure:13400: arm-buildroot-linux-gnueabihf-gcc -c -g -O2  -pedantic  conftest.c >&5
configure:13400: $? = 0
configure:13401: result: ok, adding to XX_ANSIFLAGS
configure:13373: checking gcc compiler flag -ansi to assure ANSI C works correctly
configure:13400: arm-buildroot-linux-gnueabihf-gcc -c -g -O2  -pedantic -ansi  conftest.c >&5
configure:13400: $? = 0
configure:13401: result: ok, adding to XX_ANSIFLAGS
configure:13435: checking for -fvisibility=hidden compiler flag
configure:13450: arm-buildroot-linux-gnueabihf-gcc -o conftest -g -O2 -fvisibility=hidden   conftest.c  >&5
configure:13450: $? = 0
configure:13452: result: yes
configure:13525: $PKG_CONFIG --exists --print-errors "$zlib_pkg"
configure:13528: $? = 0
configure:13535: checking for ZLIB
configure:13542: $PKG_CONFIG --exists --print-errors "$zlib_pkg"
configure:13545: $? = 0
configure:13559: $PKG_CONFIG --exists --print-errors "$zlib_pkg"
configure:13562: $? = 0
configure:13600: result: yes
configure:13695: $PKG_CONFIG --exists --print-errors "$bzip2_pkg"
Package bzip2 was not found in the pkg-config search path.
Perhaps you should add the directory containing `bzip2.pc'
to the PKG_CONFIG_PATH environment variable
No package 'bzip2' found
configure:13698: $? = 1
configure:13705: checking for BZIP2
configure:13712: $PKG_CONFIG --exists --print-errors "$bzip2_pkg"
Package bzip2 was not found in the pkg-config search path.
Perhaps you should add the directory containing `bzip2.pc'
to the PKG_CONFIG_PATH environment variable
No package 'bzip2' found
configure:13715: $? = 1
configure:13729: $PKG_CONFIG --exists --print-errors "$bzip2_pkg"
Package bzip2 was not found in the pkg-config search path.
Perhaps you should add the directory containing `bzip2.pc'
to the PKG_CONFIG_PATH environment variable
No package 'bzip2' found
configure:13732: $? = 1
configure:13746: result: no
No package 'bzip2' found
configure:13790: checking for BZ2_bzDecompress in -lbz2
configure:13815: arm-buildroot-linux-gnueabihf-gcc -o conftest -g -O2 -fvisibility=hidden   conftest.c -lbz2   >&5
configure:13815: $? = 0
configure:13824: result: yes
configure:13827: checking bzlib.h usability
configure:13827: arm-buildroot-linux-gnueabihf-gcc -c -g -O2 -fvisibility=hidden  conftest.c >&5
configure:13827: $? = 0
configure:13827: result: yes
configure:13827: checking bzlib.h presence
configure:13827: arm-buildroot-linux-gnueabihf-gcc -E  conftest.c
configure:13827: $? = 0
configure:13827: result: yes
configure:13827: checking for bzlib.h
configure:13827: result: yes
configure:13865: $PKG_CONFIG --exists --print-errors "$libpng_pkg"
configure:13868: $? = 0
configure:13875: checking for LIBPNG
configure:13882: $PKG_CONFIG --exists --print-errors "$libpng_pkg"
configure:13885: $? = 0
configure:13899: $PKG_CONFIG --exists --print-errors "$libpng_pkg"
configure:13902: $? = 0
configure:13940: result: yes
configure:14001: $PKG_CONFIG --exists --print-errors "$harfbuzz_pkg"
configure:14004: $? = 0
configure:14011: checking for HARFBUZZ
configure:14018: $PKG_CONFIG --exists --print-errors "$harfbuzz_pkg"
configure:14021: $? = 0
configure:14035: $PKG_CONFIG --exists --print-errors "$harfbuzz_pkg"
configure:14038: $? = 0
configure:14076: result: yes
configure:14125: $PKG_CONFIG --exists --print-errors "$brotli_pkg"
configure:14128: $? = 0
configure:14135: checking for BROTLI
configure:14142: $PKG_CONFIG --exists --print-errors "$brotli_pkg"
configure:14145: $? = 0
configure:14159: $PKG_CONFIG --exists --print-errors "$brotli_pkg"
configure:14162: $? = 0
configure:14200: result: yes
configure:14239: checking for library containing clock_gettime
configure:14270: arm-buildroot-linux-gnueabihf-gcc -o conftest -g -O2 -fvisibility=hidden   conftest.c  >&5
configure:14270: $? = 0
configure:14287: result: none required
configure:14886: checking for python3
configure:14902: found /home/linuxbrew/.linuxbrew/bin/python3
configure:14913: result: python3
configure:14934: checking for python version
configure:14939: result: 3.13.5
configure:14999: checking for `docwriter' Python module
configure:15007: result: no
configure:15257: creating ./config.status

## ---------------------- ##
## Running config.status. ##
## ---------------------- ##

This file was extended by FreeType config.status 2.10.2, which was
generated by GNU Autoconf 2.69.  Invocation command line was

  CONFIG_FILES    = 
  CONFIG_HEADERS  = 
  CONFIG_LINKS    = 
  CONFIG_COMMANDS = 
  $ ./config.status 

on tanxzh-MS-7D42

config.status:1144: creating ftoption.h
config.status:1144: creating unix-cc.mk
config.status:1144: creating unix-def.mk
config.status:1144: creating ftconfig.h
config.status:1339: executing libtool commands
configure:17506:

Library configuration:
  external zlib: yes (pkg-config)
  bzip2:         yes (autoconf test)
  libpng:        yes (pkg-config)
  harfbuzz:      yes (pkg-config)
  brotli:        yes (pkg-config)

configure:17525:
  Warning: `make refdoc' will fail since pip package `docwriter' is not
  installed.  To install, run `python3 -m pip install docwriter', or to use a Python
  virtual environment, run `make refdoc-venv' (requires pip package
  `virtualenv'). These operations require Python >= 3.5.
  

## ---------------- ##
## Cache variables. ##
## ---------------- ##

ac_cv_build=x86_64-pc-linux-gnu
ac_cv_c_compiler_gnu=yes
ac_cv_c_const=yes
ac_cv_env_BROTLI_CFLAGS_set=
ac_cv_env_BROTLI_CFLAGS_value=
ac_cv_env_BROTLI_LIBS_set=
ac_cv_env_BROTLI_LIBS_value=
ac_cv_env_BZIP2_CFLAGS_set=
ac_cv_env_BZIP2_CFLAGS_value=
ac_cv_env_BZIP2_LIBS_set=
ac_cv_env_BZIP2_LIBS_value=
ac_cv_env_CC_set=
ac_cv_env_CC_value=
ac_cv_env_CFLAGS_set=
ac_cv_env_CFLAGS_value=
ac_cv_env_CPPFLAGS_set=
ac_cv_env_CPPFLAGS_value=
ac_cv_env_CPP_set=
ac_cv_env_CPP_value=
ac_cv_env_HARFBUZZ_CFLAGS_set=
ac_cv_env_HARFBUZZ_CFLAGS_value=
ac_cv_env_HARFBUZZ_LIBS_set=
ac_cv_env_HARFBUZZ_LIBS_value=
ac_cv_env_LDFLAGS_set=
ac_cv_env_LDFLAGS_value=
ac_cv_env_LIBPNG_CFLAGS_set=
ac_cv_env_LIBPNG_CFLAGS_value=
ac_cv_env_LIBPNG_LIBS_set=
ac_cv_env_LIBPNG_LIBS_value=
ac_cv_env_LIBS_set=
ac_cv_env_LIBS_value=
ac_cv_env_LT_SYS_LIBRARY_PATH_set=
ac_cv_env_LT_SYS_LIBRARY_PATH_value=
ac_cv_env_PKG_CONFIG_LIBDIR_set=
ac_cv_env_PKG_CONFIG_LIBDIR_value=
ac_cv_env_PKG_CONFIG_PATH_set=
ac_cv_env_PKG_CONFIG_PATH_value=
ac_cv_env_PKG_CONFIG_set=
ac_cv_env_PKG_CONFIG_value=
ac_cv_env_ZLIB_CFLAGS_set=
ac_cv_env_ZLIB_CFLAGS_value=
ac_cv_env_ZLIB_LIBS_set=
ac_cv_env_ZLIB_LIBS_value=
ac_cv_env_build_alias_set=
ac_cv_env_build_alias_value=
ac_cv_env_host_alias_set=set
ac_cv_env_host_alias_value=arm-buildroot-linux-gnueabihf
ac_cv_env_target_alias_set=
ac_cv_env_target_alias_value=
ac_cv_func_getpagesize=yes
ac_cv_func_memcpy=yes
ac_cv_func_memmove=yes
ac_cv_func_mmap_fixed_mapped=no
ac_cv_header_bzlib_h=yes
ac_cv_header_dlfcn_h=yes
ac_cv_header_fcntl_h=yes
ac_cv_header_inttypes_h=yes
ac_cv_header_memory_h=yes
ac_cv_header_stdc=yes
ac_cv_header_stdint_h=yes
ac_cv_header_stdlib_h=yes
ac_cv_header_string_h=yes
ac_cv_header_strings_h=yes
ac_cv_header_sys_param_h=yes
ac_cv_header_sys_stat_h=yes
ac_cv_header_sys_types_h=yes
ac_cv_header_unistd_h=yes
ac_cv_header_windows_h=no
ac_cv_host=arm-buildroot-linux-gnueabihf
ac_cv_lib_bz2_BZ2_bzDecompress=yes
ac_cv_objext=o
ac_cv_path_EGREP='/usr/bin/grep -E'
ac_cv_path_FGREP='/usr/bin/grep -F'
ac_cv_path_GREP=/usr/bin/grep
ac_cv_path_SED=/usr/bin/sed
ac_cv_path_ac_pt_PKG_CONFIG=/usr/bin/pkg-config
ac_cv_path_install='/usr/bin/install -c'
ac_cv_path_lt_DD=/usr/bin/dd
ac_cv_path_mkdir=/usr/bin/mkdir
ac_cv_prog_AR=arm-buildroot-linux-gnueabihf-ar
ac_cv_prog_AWK=gawk
ac_cv_prog_CC=arm-buildroot-linux-gnueabihf-gcc
ac_cv_prog_CC_BUILD=gcc
ac_cv_prog_CPP='arm-buildroot-linux-gnueabihf-gcc -E'
ac_cv_prog_OBJDUMP=arm-buildroot-linux-gnueabihf-objdump
ac_cv_prog_PYTHON=python3
ac_cv_prog_RANLIB=arm-buildroot-linux-gnueabihf-ranlib
ac_cv_prog_STRIP=arm-buildroot-linux-gnueabihf-strip
ac_cv_prog_ac_ct_MANIFEST_TOOL=mt
ac_cv_prog_cc_c89=
ac_cv_prog_cc_g=yes
ac_cv_search_clock_gettime='none required'
ac_cv_sizeof_int=4
ac_cv_sizeof_long=4
ac_cv_sys_file_offset_bits=64
ac_cv_sys_largefile_CC=no
ac_cv_type_long_long_int=yes
ac_cv_type_unsigned_long_long_int=yes
lt_cv_ar_at_file=@
lt_cv_archive_cmds_need_lc=no
lt_cv_deplibs_check_method=pass_all
lt_cv_file_magic_cmd='$MAGIC_CMD'
lt_cv_file_magic_test_file=
lt_cv_ld_reload_flag=-r
lt_cv_nm_interface='BSD nm'
lt_cv_objdir=.libs
lt_cv_path_LD=/home/tanxzh/project/100ask/100ask_imx6ull_sdk/ToolChain/arm-buildroot-linux-gnueabihf_sdk-buildroot/arm-buildroot-linux-gnueabihf/bin/ld
lt_cv_path_NM='/home/tanxzh/project/100ask/100ask_imx6ull_sdk/ToolChain/arm-buildroot-linux-gnueabihf_sdk-buildroot/bin/arm-buildroot-linux-gnueabihf-nm -B'
lt_cv_path_mainfest_tool=no
lt_cv_prog_compiler_c_o=yes
lt_cv_prog_compiler_pic='-fPIC -DPIC'
lt_cv_prog_compiler_pic_works=yes
lt_cv_prog_compiler_rtti_exceptions=no
lt_cv_prog_compiler_static_works=yes
lt_cv_prog_gnu_ld=yes
lt_cv_sharedlib_from_linklib_cmd='printf %s\n'
lt_cv_shlibpath_overrides_runpath=no
lt_cv_sys_global_symbol_pipe='sed -n -e '\''s/^.*[	 ]\([ABCDGIRSTW][ABCDGIRSTW]*\)[	 ][	 ]*\([_A-Za-z][_A-Za-z0-9]*\)$/\1 \2 \2/p'\'' | sed '\''/ __gnu_lto/d'\'''
lt_cv_sys_global_symbol_to_c_name_address='sed -n -e '\''s/^: \(.*\) .*$/  {"\1", (void *) 0},/p'\'' -e '\''s/^[ABCDGIRSTW][ABCDGIRSTW]* .* \(.*\)$/  {"\1", (void *) \&\1},/p'\'''
lt_cv_sys_global_symbol_to_c_name_address_lib_prefix='sed -n -e '\''s/^: \(.*\) .*$/  {"\1", (void *) 0},/p'\'' -e '\''s/^[ABCDGIRSTW][ABCDGIRSTW]* .* \(lib.*\)$/  {"\1", (void *) \&\1},/p'\'' -e '\''s/^[ABCDGIRSTW][ABCDGIRSTW]* .* \(.*\)$/  {"lib\1", (void *) \&\1},/p'\'''
lt_cv_sys_global_symbol_to_cdecl='sed -n -e '\''s/^T .* \(.*\)$/extern int \1();/p'\'' -e '\''s/^[ABCDGIRSTW][ABCDGIRSTW]* .* \(.*\)$/extern char \1;/p'\'''
lt_cv_sys_global_symbol_to_import=
lt_cv_sys_max_cmd_len=1572864
lt_cv_to_host_file_cmd=func_convert_file_noop
lt_cv_to_tool_file_cmd=func_convert_file_noop
lt_cv_truncate_bin='/usr/bin/dd bs=4096 count=1'
pkg_cv_BROTLI_CFLAGS=-I/usr/local/include
pkg_cv_BROTLI_LIBS='-L/usr/local/lib -lbrotlidec'
pkg_cv_HARFBUZZ_CFLAGS='-I/usr/local/include -I/usr/include/harfbuzz -I/usr/include/glib-2.0 -I/usr/lib/x86_64-linux-gnu/glib-2.0/include -I/usr/include/freetype2 -I/usr/include/libpng16'
pkg_cv_HARFBUZZ_LIBS=-lharfbuzz
pkg_cv_LIBPNG_CFLAGS=-I/usr/include/libpng16
pkg_cv_LIBPNG_LIBS='-lpng16 -lz'
pkg_cv_ZLIB_CFLAGS=
pkg_cv_ZLIB_LIBS=-lz

## ----------------- ##
## Output variables. ##
## ----------------- ##

AR='arm-buildroot-linux-gnueabihf-ar'
AS='as'
AWK='gawk'
BROTLI_CFLAGS='-I/usr/local/include'
BROTLI_LIBS='-L/usr/local/lib -lbrotlidec'
BZIP2_CFLAGS=''
BZIP2_LIBS='-lbz2'
CC='arm-buildroot-linux-gnueabihf-gcc'
CC_BUILD='gcc'
CFLAGS='-g -O2 -fvisibility=hidden   -I/usr/include/libpng16 -I/usr/local/include -I/usr/include/harfbuzz -I/usr/include/glib-2.0 -I/usr/lib/x86_64-linux-gnu/glib-2.0/include -I/usr/include/freetype2 -I/usr/include/libpng16 -I/usr/local/include'
CPP='arm-buildroot-linux-gnueabihf-gcc -E'
CPPFLAGS=''
DEFS='-DHAVE_CONFIG_H'
DLLTOOL='false'
DSYMUTIL=''
DUMPBIN=''
ECHO_C=''
ECHO_N='-n'
ECHO_T=''
EGREP='/usr/bin/grep -E'
EXEEXT=''
EXEEXT_BUILD=''
FGREP='/usr/bin/grep -F'
FTSYS_SRC='$(BASE_DIR)/ftsystem.c'
GREP='/usr/bin/grep'
HARFBUZZ_CFLAGS='-I/usr/local/include -I/usr/include/harfbuzz -I/usr/include/glib-2.0 -I/usr/lib/x86_64-linux-gnu/glib-2.0/include -I/usr/include/freetype2 -I/usr/include/libpng16'
HARFBUZZ_LIBS='-lharfbuzz'
INSTALL_DATA='${INSTALL} -m 644'
INSTALL_FT2_CONFIG='FALSE'
INSTALL_PROGRAM='${INSTALL}'
INSTALL_SCRIPT='${INSTALL}'
LD='/home/tanxzh/project/100ask/100ask_imx6ull_sdk/ToolChain/arm-buildroot-linux-gnueabihf_sdk-buildroot/arm-buildroot-linux-gnueabihf/bin/ld'
LDFLAGS=' -lz -lbz2 -lpng16 -lz -lharfbuzz -L/usr/local/lib -lbrotlidec'
LIBOBJS=''
LIBPNG_CFLAGS='-I/usr/include/libpng16'
LIBPNG_LIBS='-lpng16 -lz'
LIBS=''
LIBSSTATIC_CONFIG='-lfreetype -lz -lbz2 -lpng16 -lm -lz -lm -lz -L/usr/local/lib -lharfbuzz -lm -lglib-2.0 -pthread -lm -lpcre -lfreetype -lpng16 -lm -lz -lm -lz -lbrotlidec -lbrotlicommon -lgraphite2 -L/usr/local/lib -lbrotlidec -lbrotlicommon'
LIBS_PRIVATE='-lbz2'
LIBTOOL='$(SHELL) $(top_builddir)/libtool'
LIB_CLOCK_GETTIME=''
LIPO=''
LN_S='ln -s'
LTLIBOBJS=''
LT_SYS_LIBRARY_PATH=''
MANIFEST_TOOL=':'
MKDIR_P='/usr/bin/mkdir -p'
NM='/home/tanxzh/project/100ask/100ask_imx6ull_sdk/ToolChain/arm-buildroot-linux-gnueabihf_sdk-buildroot/bin/arm-buildroot-linux-gnueabihf-nm -B'
NMEDIT=''
OBJDUMP='arm-buildroot-linux-gnueabihf-objdump'
OBJEXT='o'
OTOOL64=''
OTOOL=''
PACKAGE_BUGREPORT='freetype@nongnu.org'
PACKAGE_NAME='FreeType'
PACKAGE_STRING='FreeType 2.10.2'
PACKAGE_TARNAME='freetype'
PACKAGE_URL=''
PACKAGE_VERSION='2.10.2'
PATH_SEPARATOR=':'
PKG_CONFIG='/usr/bin/pkg-config'
PKG_CONFIG_LIBDIR=''
PKG_CONFIG_PATH=''
PYTHON='python3'
PYTHON_VERSION='3.13.5'
RANLIB='arm-buildroot-linux-gnueabihf-ranlib'
RC=''
REQUIRES_PRIVATE='zlib, libpng, harfbuzz >= 1.8.0, libbrotlidec'
SED='/usr/bin/sed'
SHELL='/bin/bash'
STRIP='arm-buildroot-linux-gnueabihf-strip'
XX_ANSIFLAGS=' -pedantic -ansi'
XX_CFLAGS='-Wall'
ZLIB_CFLAGS=''
ZLIB_LIBS='-lz'
ac_ct_AR=''
ac_ct_CC=''
ac_ct_DUMPBIN=''
bindir='${exec_prefix}/bin'
build='x86_64-pc-linux-gnu'
build_alias=''
build_cpu='x86_64'
build_libtool_libs=''
build_os='linux-gnu'
build_vendor='pc'
datadir='${datarootdir}'
datarootdir='${prefix}/share'
docdir='${datarootdir}/doc/${PACKAGE_TARNAME}'
dvidir='${docdir}'
exec_prefix='${prefix}'
ft_version='23.2.17'
ftmac_c=''
hardcode_libdir_flag_spec='$wl-rpath $wl$libdir'
host='arm-buildroot-linux-gnueabihf'
host_alias='arm-buildroot-linux-gnueabihf'
host_cpu='arm'
host_os='linux-gnueabihf'
host_vendor='buildroot'
htmldir='${docdir}'
includedir='${prefix}/include'
infodir='${datarootdir}/info'
libdir='${exec_prefix}/lib'
libexecdir='${exec_prefix}/libexec'
localedir='${datarootdir}/locale'
localstatedir='${prefix}/var'
mandir='${datarootdir}/man'
oldincludedir='/usr/include'
pdfdir='${docdir}'
prefix='/home/tanxzh/project/100ask/Multi-media-board/Code/module/lcd/lib/freetype-2.10.2/tmp'
program_transform_name='s,x,x,'
psdir='${docdir}'
sbindir='${exec_prefix}/sbin'
sharedstatedir='${prefix}/com'
sysconfdir='${prefix}/etc'
target_alias=''
version_info='23:2:17'
wl='-Wl,'

## ----------- ##
## confdefs.h. ##
## ----------- ##

/* confdefs.h */
#define PACKAGE_NAME "FreeType"
#define PACKAGE_TARNAME "freetype"
#define PACKAGE_VERSION "2.10.2"
#define PACKAGE_STRING "FreeType 2.10.2"
#define PACKAGE_BUGREPORT "freetype@nongnu.org"
#define PACKAGE_URL ""
#define STDC_HEADERS 1
#define HAVE_SYS_TYPES_H 1
#define HAVE_SYS_STAT_H 1
#define HAVE_STDLIB_H 1
#define HAVE_STRING_H 1
#define HAVE_MEMORY_H 1
#define HAVE_STRINGS_H 1
#define HAVE_INTTYPES_H 1
#define HAVE_STDINT_H 1
#define HAVE_UNISTD_H 1
#define HAVE_DLFCN_H 1
#define LT_OBJDIR ".libs/"
#define STDC_HEADERS 1
#define HAVE_FCNTL_H 1
#define HAVE_UNISTD_H 1
#define SIZEOF_INT 4
#define SIZEOF_LONG 4
#define HAVE_UNSIGNED_LONG_LONG_INT 1
#define HAVE_LONG_LONG_INT 1
#define _FILE_OFFSET_BITS 64
#define HAVE_STDLIB_H 1
#define HAVE_UNISTD_H 1
#define HAVE_SYS_PARAM_H 1
#define HAVE_GETPAGESIZE 1
#define HAVE_MEMCPY 1
#define HAVE_MEMMOVE 1

configure: exit 0
