This file contains any messages produced by compilers while
running configure, to aid debugging if configure makes a mistake.

It was created by FreeType configure 2.13.3, which was
generated by GNU Autoconf 2.72.  Invocation command line was

  $ ./configure --host=arm-buildroot-linux-gnueabihf --prefix=/home/tanxzh/project/100ask/Multi-media-board/Code/module/lcd/lib/freetype-2.13.3/tmp --with-sysroot=/home/tanxzh/project/100ask/100ask_imx6ull_sdk/ToolChain/arm-buildroot-linux-gnueabihf_sdk-buildroot/lib/gcc/arm-buildroot-linux-gnueabihf/7.5.0/ --with-harfbuzz=no

## --------- ##
## Platform. ##
## --------- ##

hostname = tanxzh-MS-7D42
uname -m = x86_64
uname -r = 6.8.0-65-generic
uname -s = Linux
uname -v = #68~22.04.1-Ubuntu SMP PREEMPT_DYNAMIC Tue Jul 15 18:06:34 UTC 2

/usr/bin/uname -p = x86_64
/bin/uname -X     = unknown

/bin/arch              = x86_64
/usr/bin/arch -k       = unknown
/usr/convex/getsysinfo = unknown
/usr/bin/hostinfo      = unknown
/bin/machine           = unknown
/usr/bin/oslevel       = unknown
/bin/universe          = unknown

PATH: /home/linuxbrew/.linuxbrew/bin/
PATH: /home/linuxbrew/.linuxbrew/sbin/
PATH: /usr/local/sbin/
PATH: /usr/local/bin/
PATH: /usr/sbin/
PATH: /usr/bin/
PATH: /sbin/
PATH: /bin/
PATH: /usr/games/
PATH: /usr/local/games/
PATH: /snap/bin/
PATH: /snap/bin/
PATH: /home/tanxzh/project/100ask/100ask_imx6ull_sdk/ToolChain/arm-buildroot-linux-gnueabihf_sdk-buildroot/bin/
PATH: /home/tanxzh/project/100ask/100ask_imx6ull_sdk/Buildroot_2020.02.x/output/host/bin/
PATH: /home/tanxzh/project/100ask/100ask_imx6ull_sdk/ToolChain/arm-buildroot-linux-gnueabihf_sdk-buildroot/bin/


## ----------- ##
## Core tests. ##
## ----------- ##

configure:2604: looking for aux files: install-sh ltmain.sh config.guess config.sub
configure:2617:  trying ./
configure:2628:   ./install-sh found
configure:2646:   ./ltmain.sh found
configure:2646:   ./config.guess found
configure:2646:   ./config.sub found
configure:2778: checking build system type
configure:2794: result: x86_64-pc-linux-gnu
configure:2814: checking host system type
configure:2829: result: arm-buildroot-linux-gnueabihf
configure:2870: checking for arm-buildroot-linux-gnueabihf-gcc
configure:2891: found /home/tanxzh/project/100ask/100ask_imx6ull_sdk/ToolChain/arm-buildroot-linux-gnueabihf_sdk-buildroot/bin/arm-buildroot-linux-gnueabihf-gcc
configure:2903: result: arm-buildroot-linux-gnueabihf-gcc
configure:3308: checking for C compiler version
configure:3317: arm-buildroot-linux-gnueabihf-gcc --version >&5
arm-buildroot-linux-gnueabihf-gcc.br_real (Buildroot 2020.02-gee85cab) 7.5.0
Copyright (C) 2017 Free Software Foundation, Inc.
This is free software; see the source for copying conditions.  There is NO
warranty; not even for MERCHANTABILITY or FITNESS FOR A PARTICULAR PURPOSE.

configure:3328: $? = 0
configure:3317: arm-buildroot-linux-gnueabihf-gcc -v >&5
Using built-in specs.
COLLECT_GCC=/home/tanxzh/project/100ask/100ask_imx6ull_sdk/ToolChain/arm-buildroot-linux-gnueabihf_sdk-buildroot/bin/arm-buildroot-linux-gnueabihf-gcc.br_real
COLLECT_LTO_WRAPPER=/home/tanxzh/project/100ask/100ask_imx6ull_sdk/ToolChain/arm-buildroot-linux-gnueabihf_sdk-buildroot/bin/../libexec/gcc/arm-buildroot-linux-gnueabihf/7.5.0/lto-wrapper
Target: arm-buildroot-linux-gnueabihf
Configured with: ./configure --prefix=/home/book/100ask_imx6ull-sdk/Buildroot_2020.02.x/output/host --sysconfdir=/home/book/100ask_imx6ull-sdk/Buildroot_2020.02.x/output/host/etc --enable-static --target=arm-buildroot-linux-gnueabihf --with-sysroot=/home/book/100ask_imx6ull-sdk/Buildroot_2020.02.x/output/host/arm-buildroot-linux-gnueabihf/sysroot --enable-__cxa_atexit --with-gnu-ld --disable-libssp --disable-multilib --disable-decimal-float --with-gmp=/home/book/100ask_imx6ull-sdk/Buildroot_2020.02.x/output/host --with-mpc=/home/book/100ask_imx6ull-sdk/Buildroot_2020.02.x/output/host --with-mpfr=/home/book/100ask_imx6ull-sdk/Buildroot_2020.02.x/output/host --with-pkgversion='Buildroot 2020.02-gee85cab' --with-bugurl=http://bugs.buildroot.net/ --disable-libquadmath --enable-tls --enable-plugins --enable-lto --enable-threads --with-isl=/home/book/100ask_imx6ull-sdk/Buildroot_2020.02.x/output/host --with-abi=aapcs-linux --with-cpu=cortex-a7 --with-fpu=neon-vfpv4 --with-float=hard --with-mode=arm --enable-languages=c,c++,fortran --with-build-time-tools=/home/book/100ask_imx6ull-sdk/Buildroot_2020.02.x/output/host/arm-buildroot-linux-gnueabihf/bin --enable-shared --enable-libgomp
Thread model: posix
gcc version 7.5.0 (Buildroot 2020.02-gee85cab) 
configure:3328: $? = 0
configure:3317: arm-buildroot-linux-gnueabihf-gcc -V >&5
arm-buildroot-linux-gnueabihf-gcc.br_real: error: unrecognized command line option '-V'
arm-buildroot-linux-gnueabihf-gcc.br_real: fatal error: no input files
compilation terminated.
configure:3328: $? = 1
configure:3317: arm-buildroot-linux-gnueabihf-gcc -qversion >&5
arm-buildroot-linux-gnueabihf-gcc.br_real: error: unrecognized command line option '-qversion'; did you mean '--version'?
arm-buildroot-linux-gnueabihf-gcc.br_real: fatal error: no input files
compilation terminated.
configure:3328: $? = 1
configure:3317: arm-buildroot-linux-gnueabihf-gcc -version >&5
arm-buildroot-linux-gnueabihf-gcc.br_real: error: unrecognized command line option '-version'
arm-buildroot-linux-gnueabihf-gcc.br_real: fatal error: no input files
compilation terminated.
configure:3328: $? = 1
configure:3348: checking whether the C compiler works
configure:3370: arm-buildroot-linux-gnueabihf-gcc    conftest.c  >&5
configure:3374: $? = 0
configure:3425: result: yes
configure:3429: checking for C compiler default output file name
configure:3431: result: a.out
configure:3437: checking for suffix of executables
configure:3444: arm-buildroot-linux-gnueabihf-gcc -o conftest    conftest.c  >&5
configure:3448: $? = 0
configure:3472: result: 
configure:3496: checking whether we are cross compiling
configure:3504: arm-buildroot-linux-gnueabihf-gcc -o conftest    conftest.c  >&5
configure:3508: $? = 0
configure:3515: ./conftest
./configure: line 3517: ./conftest: cannot execute binary file: Exec format error
configure:3519: $? = 126
configure:3534: result: yes
configure:3540: checking for suffix of object files
configure:3563: arm-buildroot-linux-gnueabihf-gcc -c   conftest.c >&5
configure:3567: $? = 0
configure:3591: result: o
configure:3595: checking whether the compiler supports GNU C
configure:3615: arm-buildroot-linux-gnueabihf-gcc -c   conftest.c >&5
configure:3615: $? = 0
configure:3627: result: yes
configure:3638: checking whether arm-buildroot-linux-gnueabihf-gcc accepts -g
configure:3659: arm-buildroot-linux-gnueabihf-gcc -c -g  conftest.c >&5
configure:3659: $? = 0
configure:3706: result: yes
configure:3726: checking for arm-buildroot-linux-gnueabihf-gcc option to enable C11 features
configure:3741: arm-buildroot-linux-gnueabihf-gcc  -c -g -O2  conftest.c >&5
configure:3741: $? = 0
configure:3760: result: none needed
configure:3883: checking how to run the C preprocessor
configure:3909: arm-buildroot-linux-gnueabihf-gcc -E  conftest.c
configure:3909: $? = 0
configure:3925: arm-buildroot-linux-gnueabihf-gcc -E  conftest.c
conftest.c:9:10: fatal error: ac_nonexistent.h: No such file or directory
 #include <ac_nonexistent.h>
          ^~~~~~~~~~~~~~~~~~
compilation terminated.
configure:3925: $? = 1
configure: failed program was:
| /* confdefs.h */
| #define PACKAGE_NAME "FreeType"
| #define PACKAGE_TARNAME "freetype"
| #define PACKAGE_VERSION "2.13.3"
| #define PACKAGE_STRING "FreeType 2.13.3"
| #define PACKAGE_BUGREPORT "freetype@nongnu.org"
| #define PACKAGE_URL ""
| /* end confdefs.h.  */
| #include <ac_nonexistent.h>
configure:3954: result: arm-buildroot-linux-gnueabihf-gcc -E
configure:3968: arm-buildroot-linux-gnueabihf-gcc -E  conftest.c
configure:3968: $? = 0
configure:3984: arm-buildroot-linux-gnueabihf-gcc -E  conftest.c
conftest.c:9:10: fatal error: ac_nonexistent.h: No such file or directory
 #include <ac_nonexistent.h>
          ^~~~~~~~~~~~~~~~~~
compilation terminated.
configure:3984: $? = 1
configure: failed program was:
| /* confdefs.h */
| #define PACKAGE_NAME "FreeType"
| #define PACKAGE_TARNAME "freetype"
| #define PACKAGE_VERSION "2.13.3"
| #define PACKAGE_STRING "FreeType 2.13.3"
| #define PACKAGE_BUGREPORT "freetype@nongnu.org"
| #define PACKAGE_URL ""
| /* end confdefs.h.  */
| #include <ac_nonexistent.h>
configure:4029: checking for arm-buildroot-linux-gnueabihf-pkg-config
configure:4068: result: no
configure:4078: checking for pkg-config
configure:4101: found /usr/bin/pkg-config
configure:4114: result: /usr/bin/pkg-config
configure:4126: WARNING: using cross tools not prefixed with host triplet
configure:4139: checking pkg-config is at least version 0.24
configure:4142: result: yes
configure:4199: checking how to print strings
configure:4226: result: printf
configure:4247: checking for a sed that does not truncate output
configure:4319: result: /usr/bin/sed
configure:4337: checking for grep that handles long lines and -e
configure:4403: result: /usr/bin/grep
configure:4408: checking for egrep
configure:4478: result: /usr/bin/grep -E
configure:4485: checking for fgrep
configure:4555: result: /usr/bin/grep -F
configure:4592: checking for ld used by arm-buildroot-linux-gnueabihf-gcc
configure:4661: result: /home/tanxzh/project/100ask/100ask_imx6ull_sdk/ToolChain/arm-buildroot-linux-gnueabihf_sdk-buildroot/arm-buildroot-linux-gnueabihf/bin/ld
configure:4668: checking if the linker (/home/tanxzh/project/100ask/100ask_imx6ull_sdk/ToolChain/arm-buildroot-linux-gnueabihf_sdk-buildroot/arm-buildroot-linux-gnueabihf/bin/ld) is GNU ld
configure:4685: result: yes
configure:4697: checking for BSD- or MS-compatible name lister (nm)
configure:4753: result: /home/tanxzh/project/100ask/100ask_imx6ull_sdk/ToolChain/arm-buildroot-linux-gnueabihf_sdk-buildroot/bin/arm-buildroot-linux-gnueabihf-nm -B
configure:4895: checking the name lister (/home/tanxzh/project/100ask/100ask_imx6ull_sdk/ToolChain/arm-buildroot-linux-gnueabihf_sdk-buildroot/bin/arm-buildroot-linux-gnueabihf-nm -B) interface
configure:4903: arm-buildroot-linux-gnueabihf-gcc -c -g -O2  conftest.c >&5
configure:4906: /home/tanxzh/project/100ask/100ask_imx6ull_sdk/ToolChain/arm-buildroot-linux-gnueabihf_sdk-buildroot/bin/arm-buildroot-linux-gnueabihf-nm -B "conftest.o"
configure:4909: output
00000000 B some_variable
configure:4917: result: BSD nm
configure:4920: checking whether ln -s works
configure:4924: result: yes
configure:4932: checking the maximum length of command line arguments
configure:5065: result: 1572864
configure:5113: checking how to convert x86_64-pc-linux-gnu file names to arm-buildroot-linux-gnueabihf format
configure:5155: result: func_convert_file_noop
configure:5162: checking how to convert x86_64-pc-linux-gnu file names to toolchain format
configure:5184: result: func_convert_file_noop
configure:5191: checking for /home/tanxzh/project/100ask/100ask_imx6ull_sdk/ToolChain/arm-buildroot-linux-gnueabihf_sdk-buildroot/arm-buildroot-linux-gnueabihf/bin/ld option to reload object files
configure:5200: result: -r
configure:5234: checking for arm-buildroot-linux-gnueabihf-file
configure:5270: result: no
configure:5280: checking for file
configure:5301: found /usr/bin/file
configure:5313: result: file
configure:5344: checking for arm-buildroot-linux-gnueabihf-objdump
configure:5365: found /home/tanxzh/project/100ask/100ask_imx6ull_sdk/ToolChain/arm-buildroot-linux-gnueabihf_sdk-buildroot/bin/arm-buildroot-linux-gnueabihf-objdump
configure:5377: result: arm-buildroot-linux-gnueabihf-objdump
configure:5452: checking how to recognize dependent libraries
configure:5654: result: pass_all
configure:5699: checking for arm-buildroot-linux-gnueabihf-dlltool
configure:5735: result: no
configure:5745: checking for dlltool
configure:5781: result: no
configure:5808: checking how to associate runtime and link libraries
configure:5837: result: printf %s\n
configure:5854: checking for arm-buildroot-linux-gnueabihf-ar
configure:5875: found /home/tanxzh/project/100ask/100ask_imx6ull_sdk/ToolChain/arm-buildroot-linux-gnueabihf_sdk-buildroot/bin/arm-buildroot-linux-gnueabihf-ar
configure:5887: result: arm-buildroot-linux-gnueabihf-ar
configure:5990: checking for archiver @FILE support
configure:6008: arm-buildroot-linux-gnueabihf-gcc -c -g -O2  conftest.c >&5
configure:6008: $? = 0
configure:6012: arm-buildroot-linux-gnueabihf-ar cr libconftest.a @conftest.lst >&5
configure:6015: $? = 0
configure:6020: arm-buildroot-linux-gnueabihf-ar cr libconftest.a @conftest.lst >&5
arm-buildroot-linux-gnueabihf-ar: conftest.o: No such file or directory
configure:6023: $? = 1
configure:6036: result: @
configure:6054: checking for arm-buildroot-linux-gnueabihf-strip
configure:6075: found /home/tanxzh/project/100ask/100ask_imx6ull_sdk/ToolChain/arm-buildroot-linux-gnueabihf_sdk-buildroot/bin/arm-buildroot-linux-gnueabihf-strip
configure:6087: result: arm-buildroot-linux-gnueabihf-strip
configure:6165: checking for arm-buildroot-linux-gnueabihf-ranlib
configure:6186: found /home/tanxzh/project/100ask/100ask_imx6ull_sdk/ToolChain/arm-buildroot-linux-gnueabihf_sdk-buildroot/bin/arm-buildroot-linux-gnueabihf-ranlib
configure:6198: result: arm-buildroot-linux-gnueabihf-ranlib
configure:6321: checking for gawk
configure:6342: found /usr/bin/gawk
configure:6354: result: gawk
configure:6394: checking command to parse /home/tanxzh/project/100ask/100ask_imx6ull_sdk/ToolChain/arm-buildroot-linux-gnueabihf_sdk-buildroot/bin/arm-buildroot-linux-gnueabihf-nm -B output from arm-buildroot-linux-gnueabihf-gcc object
configure:6548: arm-buildroot-linux-gnueabihf-gcc -c -g -O2  conftest.c >&5
configure:6551: $? = 0
configure:6555: /home/tanxzh/project/100ask/100ask_imx6ull_sdk/ToolChain/arm-buildroot-linux-gnueabihf_sdk-buildroot/bin/arm-buildroot-linux-gnueabihf-nm -B conftest.o \| /usr/bin/sed -n -e 's/^.*[ ]\([ABCDGIRSTW][ABCDGIRSTW]*\)[ ][ ]*\([_A-Za-z][_A-Za-z0-9]*\)$/\1 \2 \2/p' | /usr/bin/sed '/ __gnu_lto/d' \> conftest.nm
configure:6558: $? = 0
configure:6624: arm-buildroot-linux-gnueabihf-gcc -o conftest -g -O2   conftest.c conftstm.o >&5
configure:6627: $? = 0
configure:6666: result: ok
configure:6713: checking for sysroot
configure:6745: result: /home/tanxzh/project/100ask/100ask_imx6ull_sdk/ToolChain/arm-buildroot-linux-gnueabihf_sdk-buildroot/lib/gcc/arm-buildroot-linux-gnueabihf/7.5.0/
configure:6752: checking for a working dd
configure:6797: result: /usr/bin/dd
configure:6801: checking how to truncate binary pipes
configure:6818: result: /usr/bin/dd bs=4096 count=1
configure:7112: checking for arm-buildroot-linux-gnueabihf-mt
configure:7148: result: no
configure:7158: checking for mt
configure:7179: found /usr/bin/mt
configure:7191: result: mt
configure:7214: checking if mt is a manifest tool
configure:7221: mt '-?'
configure:7230: result: no
configure:7969: checking for stdio.h
configure:7969: arm-buildroot-linux-gnueabihf-gcc -c -g -O2  conftest.c >&5
configure:7969: $? = 0
configure:7969: result: yes
configure:7969: checking for stdlib.h
configure:7969: arm-buildroot-linux-gnueabihf-gcc -c -g -O2  conftest.c >&5
configure:7969: $? = 0
configure:7969: result: yes
configure:7969: checking for string.h
configure:7969: arm-buildroot-linux-gnueabihf-gcc -c -g -O2  conftest.c >&5
configure:7969: $? = 0
configure:7969: result: yes
configure:7969: checking for inttypes.h
configure:7969: arm-buildroot-linux-gnueabihf-gcc -c -g -O2  conftest.c >&5
configure:7969: $? = 0
configure:7969: result: yes
configure:7969: checking for stdint.h
configure:7969: arm-buildroot-linux-gnueabihf-gcc -c -g -O2  conftest.c >&5
configure:7969: $? = 0
configure:7969: result: yes
configure:7969: checking for strings.h
configure:7969: arm-buildroot-linux-gnueabihf-gcc -c -g -O2  conftest.c >&5
configure:7969: $? = 0
configure:7969: result: yes
configure:7969: checking for sys/stat.h
configure:7969: arm-buildroot-linux-gnueabihf-gcc -c -g -O2  conftest.c >&5
configure:7969: $? = 0
configure:7969: result: yes
configure:7969: checking for sys/types.h
configure:7969: arm-buildroot-linux-gnueabihf-gcc -c -g -O2  conftest.c >&5
configure:7969: $? = 0
configure:7969: result: yes
configure:7969: checking for unistd.h
configure:7969: arm-buildroot-linux-gnueabihf-gcc -c -g -O2  conftest.c >&5
configure:7969: $? = 0
configure:7969: result: yes
configure:7969: checking for sys/param.h
configure:7969: arm-buildroot-linux-gnueabihf-gcc -c -g -O2  conftest.c >&5
configure:7969: $? = 0
configure:7969: result: yes
configure:7994: checking for dlfcn.h
configure:7994: arm-buildroot-linux-gnueabihf-gcc -c -g -O2  conftest.c >&5
configure:7994: $? = 0
configure:7994: result: yes
configure:8593: checking for objdir
configure:8610: result: .libs
configure:8872: checking if arm-buildroot-linux-gnueabihf-gcc supports -fno-rtti -fno-exceptions
configure:8891: arm-buildroot-linux-gnueabihf-gcc -c -g -O2  -fno-rtti -fno-exceptions conftest.c >&5
cc1: warning: command line option '-fno-rtti' is valid for C++/ObjC++ but not for C
configure:8895: $? = 0
configure:8909: result: no
configure:9267: checking for arm-buildroot-linux-gnueabihf-gcc option to produce PIC
configure:9276: result: -fPIC -DPIC
configure:9284: checking if arm-buildroot-linux-gnueabihf-gcc PIC flag -fPIC -DPIC works
configure:9303: arm-buildroot-linux-gnueabihf-gcc -c -g -O2  -fPIC -DPIC -DPIC conftest.c >&5
configure:9307: $? = 0
configure:9321: result: yes
configure:9350: checking if arm-buildroot-linux-gnueabihf-gcc static flag -static works
configure:9380: result: yes
configure:9395: checking if arm-buildroot-linux-gnueabihf-gcc supports -c -o file.o
configure:9417: arm-buildroot-linux-gnueabihf-gcc -c -g -O2  -o out/conftest2.o conftest.c >&5
configure:9421: $? = 0
configure:9444: result: yes
configure:9452: checking if arm-buildroot-linux-gnueabihf-gcc supports -c -o file.o
configure:9501: result: yes
configure:9534: checking whether the arm-buildroot-linux-gnueabihf-gcc linker (/home/tanxzh/project/100ask/100ask_imx6ull_sdk/ToolChain/arm-buildroot-linux-gnueabihf_sdk-buildroot/arm-buildroot-linux-gnueabihf/bin/ld) supports shared libraries
configure:10807: result: yes
configure:10844: checking whether -lc should be explicitly linked in
configure:10853: arm-buildroot-linux-gnueabihf-gcc -c -g -O2  conftest.c >&5
configure:10856: $? = 0
configure:10871: arm-buildroot-linux-gnueabihf-gcc -shared  -fPIC -DPIC conftest.o  -v -Wl,-soname -Wl,conftest -o conftest 2\>\&1 \| /usr/bin/grep  -lc  \>/dev/null 2\>\&1
configure:10874: $? = 0
configure:10889: result: no
configure:11049: checking dynamic linker characteristics
configure:11631: arm-buildroot-linux-gnueabihf-gcc -o conftest -g -O2   -Wl,-rpath -Wl,/foo conftest.c  >&5
configure:11631: $? = 0
configure:11871: result: GNU/Linux ld.so
configure:11993: checking how to hardcode library paths into programs
configure:12018: result: immediate
configure:12618: checking whether stripping libraries is possible
configure:12627: result: yes
configure:12669: checking if libtool supports shared libraries
configure:12671: result: yes
configure:12674: checking whether to build shared libraries
configure:12699: result: yes
configure:12702: checking whether to build static libraries
configure:12706: result: yes
configure:12743: checking for windows.h
configure:12743: arm-buildroot-linux-gnueabihf-gcc -c -g -O2  conftest.c >&5
conftest.c:50:10: fatal error: windows.h: No such file or directory
 #include <windows.h>
          ^~~~~~~~~~~
compilation terminated.
configure:12743: $? = 1
configure: failed program was:
| /* confdefs.h */
| #define PACKAGE_NAME "FreeType"
| #define PACKAGE_TARNAME "freetype"
| #define PACKAGE_VERSION "2.13.3"
| #define PACKAGE_STRING "FreeType 2.13.3"
| #define PACKAGE_BUGREPORT "freetype@nongnu.org"
| #define PACKAGE_URL ""
| #define HAVE_STDIO_H 1
| #define HAVE_STDLIB_H 1
| #define HAVE_STRING_H 1
| #define HAVE_INTTYPES_H 1
| #define HAVE_STDINT_H 1
| #define HAVE_STRINGS_H 1
| #define HAVE_SYS_STAT_H 1
| #define HAVE_SYS_TYPES_H 1
| #define HAVE_UNISTD_H 1
| #define HAVE_SYS_PARAM_H 1
| #define STDC_HEADERS 1
| #define HAVE_DLFCN_H 1
| #define LT_OBJDIR ".libs/"
| /* end confdefs.h.  */
| #include <stddef.h>
| #ifdef HAVE_STDIO_H
| # include <stdio.h>
| #endif
| #ifdef HAVE_STDLIB_H
| # include <stdlib.h>
| #endif
| #ifdef HAVE_STRING_H
| # include <string.h>
| #endif
| #ifdef HAVE_INTTYPES_H
| # include <inttypes.h>
| #endif
| #ifdef HAVE_STDINT_H
| # include <stdint.h>
| #endif
| #ifdef HAVE_STRINGS_H
| # include <strings.h>
| #endif
| #ifdef HAVE_SYS_TYPES_H
| # include <sys/types.h>
| #endif
| #ifdef HAVE_SYS_STAT_H
| # include <sys/stat.h>
| #endif
| #ifdef HAVE_UNISTD_H
| # include <unistd.h>
| #endif
| #include <windows.h>
configure:12743: result: no
configure:12936: checking for x86_64-pc-linux-gnu-gcc
configure:12972: result: no
configure:12979: checking for gcc
configure:13000: found /usr/bin/gcc
configure:13012: result: gcc
configure:13022: checking for gcc
configure:13072: result: gcc
configure:13082: checking for suffix of native executables
configure:13096: result: 
configure:13127: checking for a BSD-compatible install
configure:13201: result: /usr/bin/install -c
configure:13221: checking for a race-free mkdir -p
configure:13264: result: /usr/bin/mkdir -p
configure:13278: checking for fcntl.h
configure:13278: arm-buildroot-linux-gnueabihf-gcc -c -g -O2  conftest.c >&5
configure:13278: $? = 0
configure:13278: result: yes
configure:13284: checking for unistd.h
configure:13284: result: yes
configure:13295: checking for an ANSI C-conforming const
configure:13362: arm-buildroot-linux-gnueabihf-gcc -c -g -O2  conftest.c >&5
configure:13362: $? = 0
configure:13372: result: yes
configure:13407: checking for arm-buildroot-linux-gnueabihf-gcc option to enable large file support
configure:13442: arm-buildroot-linux-gnueabihf-gcc -c -g -O2  conftest.c >&5
conftest.c:32:39: warning: result of '-2147483648 << 31' requires 63 bits to represent, but 'long int' only has 32 bits [-Wshift-overflow=]
 #define LARGE_FTYPE (((FTYPE) 1 << 31 << 31) - 1 + ((FTYPE) 1 << 31 << 31))
                                       ^
conftest.c:33:23: note: in expansion of macro 'LARGE_FTYPE'
   int FTYPE_is_large[(LARGE_FTYPE % 2147483629 == 721
                       ^~~~~~~~~~~
conftest.c:32:69: warning: result of '-2147483648 << 31' requires 63 bits to represent, but 'long int' only has 32 bits [-Wshift-overflow=]
 #define LARGE_FTYPE (((FTYPE) 1 << 31 << 31) - 1 + ((FTYPE) 1 << 31 << 31))
                                                                     ^
conftest.c:33:23: note: in expansion of macro 'LARGE_FTYPE'
   int FTYPE_is_large[(LARGE_FTYPE % 2147483629 == 721
                       ^~~~~~~~~~~
conftest.c:32:39: warning: result of '-2147483648 << 31' requires 63 bits to represent, but 'long int' only has 32 bits [-Wshift-overflow=]
 #define LARGE_FTYPE (((FTYPE) 1 << 31 << 31) - 1 + ((FTYPE) 1 << 31 << 31))
                                       ^
conftest.c:34:13: note: in expansion of macro 'LARGE_FTYPE'
          && LARGE_FTYPE % 2147483647 == 1)
             ^~~~~~~~~~~
conftest.c:32:69: warning: result of '-2147483648 << 31' requires 63 bits to represent, but 'long int' only has 32 bits [-Wshift-overflow=]
 #define LARGE_FTYPE (((FTYPE) 1 << 31 << 31) - 1 + ((FTYPE) 1 << 31 << 31))
                                                                     ^
conftest.c:34:13: note: in expansion of macro 'LARGE_FTYPE'
          && LARGE_FTYPE % 2147483647 == 1)
             ^~~~~~~~~~~
conftest.c:33:7: error: variably modified 'FTYPE_is_large' at file scope
   int FTYPE_is_large[(LARGE_FTYPE % 2147483629 == 721
       ^~~~~~~~~~~~~~
configure:13442: $? = 1
configure: failed program was:
| /* confdefs.h */
| #define PACKAGE_NAME "FreeType"
| #define PACKAGE_TARNAME "freetype"
| #define PACKAGE_VERSION "2.13.3"
| #define PACKAGE_STRING "FreeType 2.13.3"
| #define PACKAGE_BUGREPORT "freetype@nongnu.org"
| #define PACKAGE_URL ""
| #define HAVE_STDIO_H 1
| #define HAVE_STDLIB_H 1
| #define HAVE_STRING_H 1
| #define HAVE_INTTYPES_H 1
| #define HAVE_STDINT_H 1
| #define HAVE_STRINGS_H 1
| #define HAVE_SYS_STAT_H 1
| #define HAVE_SYS_TYPES_H 1
| #define HAVE_UNISTD_H 1
| #define HAVE_SYS_PARAM_H 1
| #define STDC_HEADERS 1
| #define HAVE_DLFCN_H 1
| #define LT_OBJDIR ".libs/"
| #define HAVE_FCNTL_H 1
| #define HAVE_UNISTD_H 1
| /* end confdefs.h.  */
| #include <sys/types.h>
| #ifndef FTYPE
| # define FTYPE off_t
| #endif
|  /* Check that FTYPE can represent 2**63 - 1 correctly.
|     We can't simply define LARGE_FTYPE to be 9223372036854775807,
|     since some C++ compilers masquerading as C compilers
|     incorrectly reject 9223372036854775807.  */
| #define LARGE_FTYPE (((FTYPE) 1 << 31 << 31) - 1 + ((FTYPE) 1 << 31 << 31))
|   int FTYPE_is_large[(LARGE_FTYPE % 2147483629 == 721
| 		       && LARGE_FTYPE % 2147483647 == 1)
| 		      ? 1 : -1];
| int
| main (void)
| {
| 
|   ;
|   return 0;
| }
configure:13442: arm-buildroot-linux-gnueabihf-gcc -D_FILE_OFFSET_BITS=64 -c -g -O2  conftest.c >&5
configure:13442: $? = 0
configure:13473: result: -D_FILE_OFFSET_BITS=64
configure:13605: checking for getpagesize
configure:13605: arm-buildroot-linux-gnueabihf-gcc -o conftest -g -O2   conftest.c  >&5
configure:13605: $? = 0
configure:13605: result: yes
configure:13616: checking for working mmap
configure:13780: result: yes
configure:13792: checking for arm-buildroot-linux-gnueabihf-gcc options needed to detect all undeclared functions
configure:13814: arm-buildroot-linux-gnueabihf-gcc -c -g -O2   conftest.c >&5
conftest.c: In function 'main':
conftest.c:31:8: error: 'strchr' undeclared (first use in this function)
 (void) strchr;
        ^~~~~~
conftest.c:31:8: note: each undeclared identifier is reported only once for each function it appears in
configure:13814: $? = 1
configure: failed program was:
| /* confdefs.h */
| #define PACKAGE_NAME "FreeType"
| #define PACKAGE_TARNAME "freetype"
| #define PACKAGE_VERSION "2.13.3"
| #define PACKAGE_STRING "FreeType 2.13.3"
| #define PACKAGE_BUGREPORT "freetype@nongnu.org"
| #define PACKAGE_URL ""
| #define HAVE_STDIO_H 1
| #define HAVE_STDLIB_H 1
| #define HAVE_STRING_H 1
| #define HAVE_INTTYPES_H 1
| #define HAVE_STDINT_H 1
| #define HAVE_STRINGS_H 1
| #define HAVE_SYS_STAT_H 1
| #define HAVE_SYS_TYPES_H 1
| #define HAVE_UNISTD_H 1
| #define HAVE_SYS_PARAM_H 1
| #define STDC_HEADERS 1
| #define HAVE_DLFCN_H 1
| #define LT_OBJDIR ".libs/"
| #define HAVE_FCNTL_H 1
| #define HAVE_UNISTD_H 1
| #define _FILE_OFFSET_BITS 64
| #define HAVE_GETPAGESIZE 1
| #define HAVE_MMAP 1
| /* end confdefs.h.  */
| 
| int
| main (void)
| {
| (void) strchr;
|   ;
|   return 0;
| }
configure:13841: arm-buildroot-linux-gnueabihf-gcc -c -g -O2   conftest.c >&5
configure:13841: $? = 0
configure:13861: result: none needed
configure:13875: checking whether munmap is declared
configure:13875: arm-buildroot-linux-gnueabihf-gcc -c -g -O2   conftest.c >&5
configure:13875: $? = 0
configure:13875: result: yes
configure:13894: checking for munmap's first parameter type
configure:13908: arm-buildroot-linux-gnueabihf-gcc -c -g -O2  conftest.c >&5
configure:13908: $? = 0
configure:13910: result: void *
configure:13954: checking arm-buildroot-linux-gnueabihf-gcc compiler flag -pedantic to assure ANSI C99 works correctly
configure:13981: arm-buildroot-linux-gnueabihf-gcc -c -g -O2  -pedantic  conftest.c >&5
configure:13981: $? = 0
configure:13983: result: ok, adding to XX_ANSIFLAGS
configure:13954: checking arm-buildroot-linux-gnueabihf-gcc compiler flag -std=c99 to assure ANSI C99 works correctly
configure:13981: arm-buildroot-linux-gnueabihf-gcc -c -g -O2  -pedantic -std=c99  conftest.c >&5
configure:13981: $? = 0
configure:13983: result: ok, adding to XX_ANSIFLAGS
configure:14018: checking for -fvisibility=hidden compiler flag
configure:14033: arm-buildroot-linux-gnueabihf-gcc -o conftest -g -O2 -fvisibility=hidden   conftest.c  >&5
configure:14033: $? = 0
configure:14036: result: yes
configure:14114: $PKG_CONFIG --exists --print-errors "$zlib_pkg"
configure:14117: $? = 0
configure:14124: checking for ZLIB
configure:14131: $PKG_CONFIG --exists --print-errors "$zlib_pkg"
configure:14134: $? = 0
configure:14148: $PKG_CONFIG --exists --print-errors "$zlib_pkg"
configure:14151: $? = 0
configure:14189: result: yes
configure:14300: $PKG_CONFIG --exists --print-errors "$bzip2_pkg"
Package bzip2 was not found in the pkg-config search path.
Perhaps you should add the directory containing `bzip2.pc'
to the PKG_CONFIG_PATH environment variable
No package 'bzip2' found
configure:14303: $? = 1
configure:14310: checking for BZIP2
configure:14317: $PKG_CONFIG --exists --print-errors "$bzip2_pkg"
Package bzip2 was not found in the pkg-config search path.
Perhaps you should add the directory containing `bzip2.pc'
to the PKG_CONFIG_PATH environment variable
No package 'bzip2' found
configure:14320: $? = 1
configure:14334: $PKG_CONFIG --exists --print-errors "$bzip2_pkg"
Package bzip2 was not found in the pkg-config search path.
Perhaps you should add the directory containing `bzip2.pc'
to the PKG_CONFIG_PATH environment variable
No package 'bzip2' found
configure:14337: $? = 1
configure:14351: result: no
No package 'bzip2' found
configure:14395: checking for BZ2_bzDecompress in -lbz2
configure:14424: arm-buildroot-linux-gnueabihf-gcc -o conftest -g -O2 -fvisibility=hidden   conftest.c -lbz2   >&5
configure:14424: $? = 0
configure:14436: result: yes
configure:14440: checking for bzlib.h
configure:14440: arm-buildroot-linux-gnueabihf-gcc -c -g -O2 -fvisibility=hidden  conftest.c >&5
configure:14440: $? = 0
configure:14440: result: yes
configure:14480: $PKG_CONFIG --exists --print-errors "$libpng_pkg"
configure:14483: $? = 0
configure:14490: checking for LIBPNG
configure:14497: $PKG_CONFIG --exists --print-errors "$libpng_pkg"
configure:14500: $? = 0
configure:14514: $PKG_CONFIG --exists --print-errors "$libpng_pkg"
configure:14517: $? = 0
configure:14555: result: yes
configure:14780: $PKG_CONFIG --exists --print-errors "$brotli_pkg"
configure:14783: $? = 0
configure:14790: checking for BROTLI
configure:14797: $PKG_CONFIG --exists --print-errors "$brotli_pkg"
configure:14800: $? = 0
configure:14814: $PKG_CONFIG --exists --print-errors "$brotli_pkg"
configure:14817: $? = 0
configure:14855: result: yes
configure:14897: checking for library containing clock_gettime
configure:14933: arm-buildroot-linux-gnueabihf-gcc -o conftest -g -O2 -fvisibility=hidden   conftest.c  >&5
configure:14933: $? = 0
configure:14955: result: none required
configure:14985: checking for LIBRSVG
configure:14992: $PKG_CONFIG --exists --print-errors "librsvg-2.0 >= 2.46.0"
Package librsvg-2.0 was not found in the pkg-config search path.
Perhaps you should add the directory containing `librsvg-2.0.pc'
to the PKG_CONFIG_PATH environment variable
No package 'librsvg-2.0' found
configure:14995: $? = 1
configure:15009: $PKG_CONFIG --exists --print-errors "librsvg-2.0 >= 2.46.0"
Package librsvg-2.0 was not found in the pkg-config search path.
Perhaps you should add the directory containing `librsvg-2.0.pc'
to the PKG_CONFIG_PATH environment variable
No package 'librsvg-2.0' found
configure:15012: $? = 1
configure:15026: result: no
No package 'librsvg-2.0' found
configure:15670: checking target system type
configure:15685: result: arm-buildroot-linux-gnueabihf
configure:15712: checking for egrep -e
configure:15842: result: /usr/bin/grep -E
configure:16012: checking whether arm-buildroot-linux-gnueabihf-gcc is Clang
configure:16040: result: no
configure:16106: checking whether pthreads work with "-pthread" and "-lpthread"
configure:16218: arm-buildroot-linux-gnueabihf-gcc -o conftest -g -O2 -fvisibility=hidden -pthread   conftest.c -lpthread  >&5
configure:16218: $? = 0
configure:16228: result: yes
configure:16352: checking for joinable pthread attribute
configure:16371: arm-buildroot-linux-gnueabihf-gcc -o conftest -g -O2 -fvisibility=hidden -pthread   conftest.c -lpthread  >&5
configure:16371: $? = 0
configure:16381: result: PTHREAD_CREATE_JOINABLE
configure:16394: checking whether more special flags are required for pthreads
configure:16409: result: no
configure:16418: checking for PTHREAD_PRIO_INHERIT
configure:16436: arm-buildroot-linux-gnueabihf-gcc -o conftest -g -O2 -fvisibility=hidden -pthread   conftest.c -lpthread  >&5
configure:16436: $? = 0
configure:16448: result: yes
configure:16634: checking for python3
configure:16655: found /home/linuxbrew/.linuxbrew/bin/python3
configure:16667: result: python3
configure:16689: checking for python version
configure:16694: result: 3.13.5
configure:16755: checking for `docwriter' Python module
configure:16763: result: no
configure:17033: creating ./config.status

## ---------------------- ##
## Running config.status. ##
## ---------------------- ##

This file was extended by FreeType config.status 2.13.3, which was
generated by GNU Autoconf 2.72.  Invocation command line was

  CONFIG_FILES    = 
  CONFIG_HEADERS  = 
  CONFIG_LINKS    = 
  CONFIG_COMMANDS = 
  $ ./config.status 

on tanxzh-MS-7D42

config.status:1152: creating ftoption.h
config.status:1152: creating unix-cc.mk
config.status:1152: creating unix-def.mk
config.status:1152: creating ftconfig.h
config.status:1333: ftconfig.h is unchanged
config.status:1347: executing libtool commands
configure:19279:

Library configuration:
  external zlib: yes (pkg-config)
  bzip2:         yes (autoconf test)
  libpng:        yes (pkg-config)
  harfbuzz:      no
  brotli:        yes (pkg-config)
  pthread:       yes

configure:19303: WARNING:
  `make refdoc' will fail since pip package `docwriter' is not installed.
  To install, run `python3 -m pip install docwriter', or to use a Python
  virtual environment, run `make refdoc-venv' (requires pip package
  `virtualenv').  These operations require Python >= 3.5.
  

## ---------------- ##
## Cache variables. ##
## ---------------- ##

ac_cv_build=x86_64-pc-linux-gnu
ac_cv_c_compiler_gnu=yes
ac_cv_c_const=yes
ac_cv_c_undeclared_builtin_options='none needed'
ac_cv_env_BROTLI_CFLAGS_set=
ac_cv_env_BROTLI_CFLAGS_value=
ac_cv_env_BROTLI_LIBS_set=
ac_cv_env_BROTLI_LIBS_value=
ac_cv_env_BZIP2_CFLAGS_set=
ac_cv_env_BZIP2_CFLAGS_value=
ac_cv_env_BZIP2_LIBS_set=
ac_cv_env_BZIP2_LIBS_value=
ac_cv_env_CC_set=
ac_cv_env_CC_value=
ac_cv_env_CFLAGS_set=
ac_cv_env_CFLAGS_value=
ac_cv_env_CPPFLAGS_set=
ac_cv_env_CPPFLAGS_value=
ac_cv_env_CPP_set=
ac_cv_env_CPP_value=
ac_cv_env_HARFBUZZ_CFLAGS_set=
ac_cv_env_HARFBUZZ_CFLAGS_value=
ac_cv_env_HARFBUZZ_LIBS_set=
ac_cv_env_HARFBUZZ_LIBS_value=
ac_cv_env_LDFLAGS_set=
ac_cv_env_LDFLAGS_value=
ac_cv_env_LIBPNG_CFLAGS_set=
ac_cv_env_LIBPNG_CFLAGS_value=
ac_cv_env_LIBPNG_LIBS_set=
ac_cv_env_LIBPNG_LIBS_value=
ac_cv_env_LIBRSVG_CFLAGS_set=
ac_cv_env_LIBRSVG_CFLAGS_value=
ac_cv_env_LIBRSVG_LIBS_set=
ac_cv_env_LIBRSVG_LIBS_value=
ac_cv_env_LIBS_set=
ac_cv_env_LIBS_value=
ac_cv_env_LT_SYS_LIBRARY_PATH_set=
ac_cv_env_LT_SYS_LIBRARY_PATH_value=
ac_cv_env_PKG_CONFIG_LIBDIR_set=
ac_cv_env_PKG_CONFIG_LIBDIR_value=
ac_cv_env_PKG_CONFIG_PATH_set=
ac_cv_env_PKG_CONFIG_PATH_value=
ac_cv_env_PKG_CONFIG_set=
ac_cv_env_PKG_CONFIG_value=
ac_cv_env_ZLIB_CFLAGS_set=
ac_cv_env_ZLIB_CFLAGS_value=
ac_cv_env_ZLIB_LIBS_set=
ac_cv_env_ZLIB_LIBS_value=
ac_cv_env_build_alias_set=
ac_cv_env_build_alias_value=
ac_cv_env_host_alias_set=set
ac_cv_env_host_alias_value=arm-buildroot-linux-gnueabihf
ac_cv_env_target_alias_set=
ac_cv_env_target_alias_value=
ac_cv_func_getpagesize=yes
ac_cv_func_mmap_fixed_mapped=yes
ac_cv_have_decl_munmap=yes
ac_cv_header_bzlib_h=yes
ac_cv_header_dlfcn_h=yes
ac_cv_header_fcntl_h=yes
ac_cv_header_inttypes_h=yes
ac_cv_header_stdint_h=yes
ac_cv_header_stdio_h=yes
ac_cv_header_stdlib_h=yes
ac_cv_header_string_h=yes
ac_cv_header_strings_h=yes
ac_cv_header_sys_param_h=yes
ac_cv_header_sys_stat_h=yes
ac_cv_header_sys_types_h=yes
ac_cv_header_unistd_h=yes
ac_cv_header_windows_h=no
ac_cv_host=arm-buildroot-linux-gnueabihf
ac_cv_lib_bz2_BZ2_bzDecompress=yes
ac_cv_objext=o
ac_cv_path_EGREP='/usr/bin/grep -E'
ac_cv_path_EGREP_TRADITIONAL='/usr/bin/grep -E'
ac_cv_path_FGREP='/usr/bin/grep -F'
ac_cv_path_GREP=/usr/bin/grep
ac_cv_path_SED=/usr/bin/sed
ac_cv_path_ac_pt_PKG_CONFIG=/usr/bin/pkg-config
ac_cv_path_install='/usr/bin/install -c'
ac_cv_path_lt_DD=/usr/bin/dd
ac_cv_path_mkdir=/usr/bin/mkdir
ac_cv_prog_AR=arm-buildroot-linux-gnueabihf-ar
ac_cv_prog_AWK=gawk
ac_cv_prog_CC=arm-buildroot-linux-gnueabihf-gcc
ac_cv_prog_CC_BUILD=gcc
ac_cv_prog_CPP='arm-buildroot-linux-gnueabihf-gcc -E'
ac_cv_prog_OBJDUMP=arm-buildroot-linux-gnueabihf-objdump
ac_cv_prog_PYTHON=python3
ac_cv_prog_RANLIB=arm-buildroot-linux-gnueabihf-ranlib
ac_cv_prog_STRIP=arm-buildroot-linux-gnueabihf-strip
ac_cv_prog_ac_ct_FILECMD=file
ac_cv_prog_ac_ct_MANIFEST_TOOL=mt
ac_cv_prog_cc_c11=
ac_cv_prog_cc_g=yes
ac_cv_prog_cc_stdc=
ac_cv_search_clock_gettime='none required'
ac_cv_sys_largefile_opts=-D_FILE_OFFSET_BITS=64
ac_cv_target=arm-buildroot-linux-gnueabihf
ax_cv_PTHREAD_CLANG=no
ax_cv_PTHREAD_JOINABLE_ATTR=PTHREAD_CREATE_JOINABLE
ax_cv_PTHREAD_PRIO_INHERIT=yes
ax_cv_PTHREAD_SPECIAL_FLAGS=no
lt_cv_ar_at_file=@
lt_cv_archive_cmds_need_lc=no
lt_cv_deplibs_check_method=pass_all
lt_cv_file_magic_cmd='$MAGIC_CMD'
lt_cv_file_magic_test_file=
lt_cv_ld_reload_flag=-r
lt_cv_nm_interface='BSD nm'
lt_cv_objdir=.libs
lt_cv_path_LD=/home/tanxzh/project/100ask/100ask_imx6ull_sdk/ToolChain/arm-buildroot-linux-gnueabihf_sdk-buildroot/arm-buildroot-linux-gnueabihf/bin/ld
lt_cv_path_NM='/home/tanxzh/project/100ask/100ask_imx6ull_sdk/ToolChain/arm-buildroot-linux-gnueabihf_sdk-buildroot/bin/arm-buildroot-linux-gnueabihf-nm -B'
lt_cv_path_mainfest_tool=no
lt_cv_prog_compiler_c_o=yes
lt_cv_prog_compiler_pic='-fPIC -DPIC'
lt_cv_prog_compiler_pic_works=yes
lt_cv_prog_compiler_rtti_exceptions=no
lt_cv_prog_compiler_static_works=yes
lt_cv_prog_gnu_ld=yes
lt_cv_sharedlib_from_linklib_cmd='printf %s\n'
lt_cv_shlibpath_overrides_runpath=no
lt_cv_sys_global_symbol_pipe='/usr/bin/sed -n -e '\''s/^.*[	 ]\([ABCDGIRSTW][ABCDGIRSTW]*\)[	 ][	 ]*\([_A-Za-z][_A-Za-z0-9]*\)$/\1 \2 \2/p'\'' | /usr/bin/sed '\''/ __gnu_lto/d'\'''
lt_cv_sys_global_symbol_to_c_name_address='/usr/bin/sed -n -e '\''s/^: \(.*\) .*$/  {"\1", (void *) 0},/p'\'' -e '\''s/^[ABCDGIRSTW][ABCDGIRSTW]* .* \(.*\)$/  {"\1", (void *) \&\1},/p'\'''
lt_cv_sys_global_symbol_to_c_name_address_lib_prefix='/usr/bin/sed -n -e '\''s/^: \(.*\) .*$/  {"\1", (void *) 0},/p'\'' -e '\''s/^[ABCDGIRSTW][ABCDGIRSTW]* .* \(lib.*\)$/  {"\1", (void *) \&\1},/p'\'' -e '\''s/^[ABCDGIRSTW][ABCDGIRSTW]* .* \(.*\)$/  {"lib\1", (void *) \&\1},/p'\'''
lt_cv_sys_global_symbol_to_cdecl='/usr/bin/sed -n -e '\''s/^T .* \(.*\)$/extern int \1();/p'\'' -e '\''s/^[ABCDGIRSTW][ABCDGIRSTW]* .* \(.*\)$/extern char \1;/p'\'''
lt_cv_sys_global_symbol_to_import=
lt_cv_sys_max_cmd_len=1572864
lt_cv_to_host_file_cmd=func_convert_file_noop
lt_cv_to_tool_file_cmd=func_convert_file_noop
lt_cv_truncate_bin='/usr/bin/dd bs=4096 count=1'
pkg_cv_BROTLI_CFLAGS=-I/usr/local/include
pkg_cv_BROTLI_LIBS='-L/usr/local/lib -lbrotlidec'
pkg_cv_LIBPNG_CFLAGS=-I/usr/include/libpng16
pkg_cv_LIBPNG_LIBS='-lpng16 -lz'
pkg_cv_ZLIB_CFLAGS=
pkg_cv_ZLIB_LIBS=-lz

## ----------------- ##
## Output variables. ##
## ----------------- ##

AR='arm-buildroot-linux-gnueabihf-ar'
AS='as'
AWK='gawk'
BROTLI_CFLAGS='-I/usr/local/include'
BROTLI_LIBS='-L/usr/local/lib -lbrotlidec'
BZIP2_CFLAGS=''
BZIP2_LIBS='-lbz2'
CC='arm-buildroot-linux-gnueabihf-gcc'
CC_BUILD='gcc'
CFLAGS='-g -O2 -fvisibility=hidden   -I/usr/include/libpng16 -I/usr/local/include -pthread'
CPP='arm-buildroot-linux-gnueabihf-gcc -E'
CPPFLAGS=''
DEFS='-DHAVE_CONFIG_H'
DLLTOOL='false'
DSYMUTIL=''
DUMPBIN=''
ECHO_C=''
ECHO_N='-n'
ECHO_T=''
EGREP='/usr/bin/grep -E'
EXEEXT=''
EXEEXT_BUILD=''
FGREP='/usr/bin/grep -F'
FILECMD='file'
FTSYS_SRC='$(PLATFORM_DIR)/ftsystem.c'
FT_DEMO_CFLAGS=''
FT_DEMO_LDFLAGS=''
GREP='/usr/bin/grep'
HARFBUZZ_CFLAGS=''
HARFBUZZ_LIBS=''
INSTALL_DATA='${INSTALL} -m 644'
INSTALL_FT2_CONFIG='FALSE'
INSTALL_PROGRAM='${INSTALL}'
INSTALL_SCRIPT='${INSTALL}'
LD='/home/tanxzh/project/100ask/100ask_imx6ull_sdk/ToolChain/arm-buildroot-linux-gnueabihf_sdk-buildroot/arm-buildroot-linux-gnueabihf/bin/ld'
LDFLAGS=' -lz -lbz2 -lpng16 -lz -L/usr/local/lib -lbrotlidec -pthread -lpthread'
LIBOBJS=''
LIBPNG_CFLAGS='-I/usr/include/libpng16'
LIBPNG_LIBS='-lpng16 -lz'
LIBRSVG_CFLAGS=''
LIBRSVG_LIBS=''
LIBS=''
LIBSSTATIC_CONFIG='-lfreetype -lz -lbz2 -lpng16 -lm -lz -lm -lz -L/usr/local/lib -lbrotlidec -lbrotlicommon'
LIBTOOL='$(SHELL) $(top_builddir)/libtool'
LIPO=''
LN_S='ln -s'
LTLIBOBJS=''
LT_SYS_LIBRARY_PATH=''
MANIFEST_TOOL=':'
MKDIR_P='/usr/bin/mkdir -p'
NM='/home/tanxzh/project/100ask/100ask_imx6ull_sdk/ToolChain/arm-buildroot-linux-gnueabihf_sdk-buildroot/bin/arm-buildroot-linux-gnueabihf-nm -B'
NMEDIT=''
OBJDUMP='arm-buildroot-linux-gnueabihf-objdump'
OBJEXT='o'
OTOOL64=''
OTOOL=''
PACKAGE_BUGREPORT='freetype@nongnu.org'
PACKAGE_NAME='FreeType'
PACKAGE_STRING='FreeType 2.13.3'
PACKAGE_TARNAME='freetype'
PACKAGE_URL=''
PACKAGE_VERSION='2.13.3'
PATH_SEPARATOR=':'
PKGCONFIG_LIBS='-L${libdir} -lfreetype'
PKGCONFIG_LIBS_PRIVATE='-lbz2'
PKGCONFIG_REQUIRES=''
PKGCONFIG_REQUIRES_PRIVATE='zlib, libpng, libbrotlidec'
PKG_CONFIG='/usr/bin/pkg-config'
PKG_CONFIG_LIBDIR=''
PKG_CONFIG_PATH=''
PTHREAD_CC='arm-buildroot-linux-gnueabihf-gcc'
PTHREAD_CFLAGS='-pthread'
PTHREAD_CXX=''
PTHREAD_LIBS='-lpthread'
PYTHON='python3'
PYTHON_VERSION='3.13.5'
RANLIB='arm-buildroot-linux-gnueabihf-ranlib'
RC=''
SED='/usr/bin/sed'
SHELL='/bin/bash'
STRIP='arm-buildroot-linux-gnueabihf-strip'
SYSTEM_ZLIB='yes'
XX_ANSIFLAGS=' -pedantic -std=c99'
XX_CFLAGS='-Wall'
ZLIB_CFLAGS=''
ZLIB_LIBS='-lz'
ac_ct_AR=''
ac_ct_CC=''
ac_ct_DUMPBIN=''
ax_pthread_config=''
bindir='${exec_prefix}/bin'
build='x86_64-pc-linux-gnu'
build_alias=''
build_cpu='x86_64'
build_libtool_libs=''
build_os='linux-gnu'
build_vendor='pc'
datadir='${datarootdir}'
datarootdir='${prefix}/share'
docdir='${datarootdir}/doc/${PACKAGE_TARNAME}'
dvidir='${docdir}'
exec_prefix='${prefix}'
ft_version='26.2.20'
ftmac_c=''
hardcode_libdir_flag_spec='$wl-rpath $wl$libdir'
have_libpng='yes (pkg-config)'
host='arm-buildroot-linux-gnueabihf'
host_alias='arm-buildroot-linux-gnueabihf'
host_cpu='arm'
host_os='linux-gnueabihf'
host_vendor='buildroot'
htmldir='${docdir}'
includedir='${prefix}/include'
infodir='${datarootdir}/info'
libdir='${exec_prefix}/lib'
libexecdir='${exec_prefix}/libexec'
localedir='${datarootdir}/locale'
localstatedir='${prefix}/var'
mandir='${datarootdir}/man'
oldincludedir='/usr/include'
pdfdir='${docdir}'
prefix='/home/tanxzh/project/100ask/Multi-media-board/Code/module/lcd/lib/freetype-2.13.3/tmp'
program_transform_name='s,x,x,'
psdir='${docdir}'
runstatedir='${localstatedir}/run'
sbindir='${exec_prefix}/sbin'
sharedstatedir='${prefix}/com'
sysconfdir='${prefix}/etc'
target='arm-buildroot-linux-gnueabihf'
target_alias=''
target_cpu='arm'
target_os='linux-gnueabihf'
target_vendor='buildroot'
version_info='26:2:20'
wl='-Wl,'

## ----------- ##
## confdefs.h. ##
## ----------- ##

/* confdefs.h */
#define PACKAGE_NAME "FreeType"
#define PACKAGE_TARNAME "freetype"
#define PACKAGE_VERSION "2.13.3"
#define PACKAGE_STRING "FreeType 2.13.3"
#define PACKAGE_BUGREPORT "freetype@nongnu.org"
#define PACKAGE_URL ""
#define HAVE_STDIO_H 1
#define HAVE_STDLIB_H 1
#define HAVE_STRING_H 1
#define HAVE_INTTYPES_H 1
#define HAVE_STDINT_H 1
#define HAVE_STRINGS_H 1
#define HAVE_SYS_STAT_H 1
#define HAVE_SYS_TYPES_H 1
#define HAVE_UNISTD_H 1
#define HAVE_SYS_PARAM_H 1
#define STDC_HEADERS 1
#define HAVE_DLFCN_H 1
#define LT_OBJDIR ".libs/"
#define HAVE_FCNTL_H 1
#define HAVE_UNISTD_H 1
#define _FILE_OFFSET_BITS 64
#define HAVE_GETPAGESIZE 1
#define HAVE_MMAP 1
#define HAVE_DECL_MUNMAP 1
#define MUNMAP_USES_VOIDP /**/
#define HAVE_PTHREAD_PRIO_INHERIT 1

configure: exit 0
